19:06:15.017 [ApplicationImpl pooled thread 298] INFO  c.b.l.BrowserStackRunExtension - application
19:06:15.017 [ApplicationImpl pooled thread 298] INFO  com.browserstack.utils.Helpers - null
19:06:55.478 [ApplicationImpl pooled thread 331] INFO  c.b.l.BrowserStackRunExtension - application
19:06:55.478 [ApplicationImpl pooled thread 331] INFO  com.browserstack.utils.Helpers - null
19:08:32.527 [ApplicationImpl pooled thread 339] INFO  c.b.l.BrowserStackRunExtension - application
19:08:32.527 [ApplicationImpl pooled thread 339] INFO  com.browserstack.utils.Helpers - null
19:09:45.206 [ApplicationImpl pooled thread 321] INFO  c.b.l.BrowserStackRunExtension - application
19:09:45.206 [ApplicationImpl pooled thread 321] INFO  com.browserstack.utils.Helpers - null
19:10:09.876 [ApplicationImpl pooled thread 329] INFO  c.b.l.BrowserStackRunExtension - application
19:10:09.876 [ApplicationImpl pooled thread 329] INFO  com.browserstack.utils.Helpers - null
19:12:16.717 [ApplicationImpl pooled thread 324] INFO  c.b.l.BrowserStackRunExtension - maven
19:12:16.717 [ApplicationImpl pooled thread 324] INFO  com.browserstack.utils.Helpers - null
19:14:15.756 [ApplicationImpl pooled thread 344] INFO  c.b.l.BrowserStackRunExtension - maven
19:14:15.756 [ApplicationImpl pooled thread 344] INFO  com.browserstack.utils.Helpers - null
19:20:24.375 [ApplicationImpl pooled thread 370] INFO  c.b.l.BrowserStackRunExtension - maven
19:20:24.375 [ApplicationImpl pooled thread 370] INFO  com.browserstack.utils.Helpers - null
19:20:54.448 [ApplicationImpl pooled thread 371] INFO  c.b.l.BrowserStackRunExtension - maven
19:20:54.448 [ApplicationImpl pooled thread 371] INFO  com.browserstack.utils.Helpers - null
19:21:40.559 [ApplicationImpl pooled thread 363] INFO  c.b.l.BrowserStackRunExtension - maven
19:21:40.559 [ApplicationImpl pooled thread 363] INFO  com.browserstack.utils.Helpers - null
19:22:17.100 [ApplicationImpl pooled thread 316] INFO  c.b.l.BrowserStackRunExtension - maven
19:22:17.100 [ApplicationImpl pooled thread 316] INFO  com.browserstack.utils.Helpers - null
19:52:35.600 [ApplicationImpl pooled thread 429] INFO  c.b.l.BrowserStackRunExtension - testng
19:52:35.601 [ApplicationImpl pooled thread 429] INFO  com.browserstack.utils.Helpers - null
19:52:35.601 [ApplicationImpl pooled thread 429] INFO  c.b.l.BrowserStackRunExtension - Agent path: null
20:00:24.638 [ApplicationImpl pooled thread 432] INFO  c.b.l.BrowserStackRunExtension - testng
20:00:24.638 [ApplicationImpl pooled thread 432] INFO  com.browserstack.utils.Helpers - null
20:00:24.638 [ApplicationImpl pooled thread 432] INFO  c.b.l.BrowserStackRunExtension - Agent path: null
20:00:39.002 [ApplicationImpl pooled thread 452] INFO  c.b.l.BrowserStackRunExtension - testng
20:00:39.002 [ApplicationImpl pooled thread 452] INFO  com.browserstack.utils.Helpers - null
20:00:39.002 [ApplicationImpl pooled thread 452] INFO  c.b.l.BrowserStackRunExtension - Agent path: null
20:00:56.121 [ApplicationImpl pooled thread 442] INFO  c.b.l.BrowserStackRunExtension - testng
20:00:56.122 [ApplicationImpl pooled thread 442] INFO  com.browserstack.utils.Helpers - null
20:00:56.122 [ApplicationImpl pooled thread 442] INFO  c.b.l.BrowserStackRunExtension - Agent path: null
20:01:27.169 [ApplicationImpl pooled thread 458] INFO  c.b.l.BrowserStackRunExtension - testng
20:01:27.169 [ApplicationImpl pooled thread 458] INFO  com.browserstack.utils.Helpers - null
20:01:27.170 [ApplicationImpl pooled thread 458] INFO  c.b.l.BrowserStackRunExtension - Agent path: null
20:02:34.893 [ApplicationImpl pooled thread 461] INFO  c.b.l.BrowserStackRunExtension - testng
20:02:34.893 [ApplicationImpl pooled thread 461] INFO  com.browserstack.utils.Helpers - null
20:02:34.893 [ApplicationImpl pooled thread 461] INFO  c.b.l.BrowserStackRunExtension - Agent path: null
20:22:51.656 [ApplicationImpl pooled thread 507] INFO  c.b.l.BrowserStackRunExtension - testng
20:22:51.656 [ApplicationImpl pooled thread 507] INFO  com.browserstack.utils.Helpers - null
20:22:51.656 [ApplicationImpl pooled thread 507] INFO  c.b.l.BrowserStackRunExtension - Agent path: null
20:23:37.863 [ApplicationImpl pooled thread 489] INFO  c.b.l.BrowserStackRunExtension - testng
20:23:37.863 [ApplicationImpl pooled thread 489] INFO  com.browserstack.utils.Helpers - null
20:23:37.863 [ApplicationImpl pooled thread 489] INFO  c.b.l.BrowserStackRunExtension - Agent path: null
20:24:41.247 [ApplicationImpl pooled thread 507] INFO  c.b.l.BrowserStackRunExtension - testng
20:24:41.247 [ApplicationImpl pooled thread 507] INFO  com.browserstack.utils.Helpers - null
20:24:41.248 [ApplicationImpl pooled thread 507] INFO  c.b.l.BrowserStackRunExtension - Agent path: null
20:25:07.671 [ApplicationImpl pooled thread 507] INFO  c.b.l.BrowserStackRunExtension - testng
20:25:07.671 [ApplicationImpl pooled thread 507] INFO  com.browserstack.utils.Helpers - null
20:25:07.675 [ApplicationImpl pooled thread 507] INFO  c.b.l.BrowserStackRunExtension - Agent path: null
20:25:47.925 [ApplicationImpl pooled thread 489] INFO  c.b.l.BrowserStackRunExtension - testng
20:25:47.925 [ApplicationImpl pooled thread 489] INFO  com.browserstack.utils.Helpers - null
20:25:47.926 [ApplicationImpl pooled thread 489] INFO  c.b.l.BrowserStackRunExtension - Agent path: null
20:26:54.908 [ApplicationImpl pooled thread 511] INFO  c.b.l.BrowserStackRunExtension - testng
20:26:54.908 [ApplicationImpl pooled thread 511] INFO  com.browserstack.utils.Helpers - null
20:26:54.909 [ApplicationImpl pooled thread 511] INFO  c.b.l.BrowserStackRunExtension - Agent path: null
20:27:16.865 [ApplicationImpl pooled thread 517] INFO  c.b.l.BrowserStackRunExtension - testng
20:27:16.865 [ApplicationImpl pooled thread 517] INFO  com.browserstack.utils.Helpers - null
20:27:16.865 [ApplicationImpl pooled thread 517] INFO  c.b.l.BrowserStackRunExtension - Agent path: null
20:27:45.054 [ApplicationImpl pooled thread 508] INFO  c.b.l.BrowserStackRunExtension - testng
20:27:45.054 [ApplicationImpl pooled thread 508] INFO  com.browserstack.utils.Helpers - null
20:27:45.055 [ApplicationImpl pooled thread 508] INFO  c.b.l.BrowserStackRunExtension - Agent path: null
20:28:59.622 [ApplicationImpl pooled thread 516] INFO  c.b.l.BrowserStackRunExtension - testng
20:28:59.622 [ApplicationImpl pooled thread 516] INFO  com.browserstack.utils.Helpers - null
20:28:59.622 [ApplicationImpl pooled thread 516] INFO  c.b.l.BrowserStackRunExtension - Agent path: null
20:47:03.575 [ApplicationImpl pooled thread 552] INFO  c.b.l.BrowserStackRunExtension - testng
20:47:03.575 [ApplicationImpl pooled thread 552] INFO  com.browserstack.utils.Helpers - null
20:47:03.578 [ApplicationImpl pooled thread 552] INFO  c.b.l.BrowserStackRunExtension - Agent path: null
20:47:39.529 [ApplicationImpl pooled thread 523] INFO  c.b.l.BrowserStackRunExtension - testng
20:47:39.529 [ApplicationImpl pooled thread 523] INFO  com.browserstack.utils.Helpers - null
20:47:39.530 [ApplicationImpl pooled thread 523] INFO  c.b.l.BrowserStackRunExtension - Agent path: null
20:48:04.004 [ApplicationImpl pooled thread 561] INFO  c.b.l.BrowserStackRunExtension - testng
20:48:04.004 [ApplicationImpl pooled thread 561] INFO  com.browserstack.utils.Helpers - null
20:48:04.004 [ApplicationImpl pooled thread 561] INFO  c.b.l.BrowserStackRunExtension - Agent path: null
20:48:30.382 [ApplicationImpl pooled thread 561] INFO  c.b.l.BrowserStackRunExtension - testng
20:48:30.382 [ApplicationImpl pooled thread 561] INFO  com.browserstack.utils.Helpers - null
20:48:30.382 [ApplicationImpl pooled thread 561] INFO  c.b.l.BrowserStackRunExtension - Agent path: null
20:50:05.979 [AWT-EventQueue-0] INFO  c.b.actions.DisableBrowserStack - Setting disable browserstack run update
20:50:34.352 [ApplicationImpl pooled thread 548] INFO  c.b.l.BrowserStackRunExtension - testng
20:50:34.352 [ApplicationImpl pooled thread 548] INFO  com.browserstack.utils.Helpers - null
20:50:34.352 [ApplicationImpl pooled thread 548] INFO  c.b.l.BrowserStackRunExtension - Agent path: null
20:51:43.961 [ApplicationImpl pooled thread 554] INFO  c.b.l.BrowserStackRunExtension - testng
20:51:43.962 [ApplicationImpl pooled thread 554] INFO  com.browserstack.utils.Helpers - null
20:51:43.962 [ApplicationImpl pooled thread 554] INFO  c.b.l.BrowserStackRunExtension - Agent path: null
20:52:32.433 [ApplicationImpl pooled thread 556] INFO  c.b.l.BrowserStackRunExtension - testng
20:52:32.434 [ApplicationImpl pooled thread 556] INFO  com.browserstack.utils.Helpers - null
20:52:32.434 [ApplicationImpl pooled thread 556] INFO  c.b.l.BrowserStackRunExtension - Agent path: null
20:53:12.705 [ApplicationImpl pooled thread 577] INFO  c.b.l.BrowserStackRunExtension - testng
20:53:12.705 [ApplicationImpl pooled thread 577] INFO  com.browserstack.utils.Helpers - null
20:53:12.706 [ApplicationImpl pooled thread 577] INFO  c.b.l.BrowserStackRunExtension - Agent path: null
20:53:36.997 [ApplicationImpl pooled thread 580] INFO  c.b.l.BrowserStackRunExtension - testng
20:53:36.997 [ApplicationImpl pooled thread 580] INFO  com.browserstack.utils.Helpers - null
20:53:36.997 [ApplicationImpl pooled thread 580] INFO  c.b.l.BrowserStackRunExtension - Agent path: null
20:53:57.989 [ApplicationImpl pooled thread 540] INFO  c.b.l.BrowserStackRunExtension - testng
20:53:57.989 [ApplicationImpl pooled thread 540] INFO  com.browserstack.utils.Helpers - null
20:53:57.989 [ApplicationImpl pooled thread 540] INFO  c.b.l.BrowserStackRunExtension - Agent path: null
21:00:01.307 [ApplicationImpl pooled thread 594] INFO  c.b.l.BrowserStackRunExtension - testng
21:00:01.309 [ApplicationImpl pooled thread 594] INFO  com.browserstack.utils.Helpers - null
21:00:01.309 [ApplicationImpl pooled thread 594] INFO  c.b.l.BrowserStackRunExtension - Agent path: null
21:02:20.264 [ApplicationImpl pooled thread 598] INFO  c.b.l.BrowserStackRunExtension - testng
21:02:20.265 [ApplicationImpl pooled thread 598] INFO  com.browserstack.utils.Helpers - null
21:02:20.265 [ApplicationImpl pooled thread 598] INFO  c.b.l.BrowserStackRunExtension - Agent path: null
21:06:24.883 [ApplicationImpl pooled thread 603] INFO  c.b.l.BrowserStackRunExtension - testng
21:06:24.883 [ApplicationImpl pooled thread 603] INFO  com.browserstack.utils.Helpers - null
21:06:24.883 [ApplicationImpl pooled thread 603] INFO  c.b.l.BrowserStackRunExtension - Agent path: null
21:06:56.936 [ApplicationImpl pooled thread 598] INFO  c.b.l.BrowserStackRunExtension - testng
21:06:56.936 [ApplicationImpl pooled thread 598] INFO  com.browserstack.utils.Helpers - null
21:06:56.936 [ApplicationImpl pooled thread 598] INFO  c.b.l.BrowserStackRunExtension - Agent path: null
21:09:23.574 [ApplicationImpl pooled thread 614] INFO  c.b.l.BrowserStackRunExtension - testng
21:09:23.574 [ApplicationImpl pooled thread 614] INFO  com.browserstack.utils.Helpers - null
21:09:23.574 [ApplicationImpl pooled thread 614] INFO  c.b.l.BrowserStackRunExtension - Agent path: null
21:13:08.140 [ApplicationImpl pooled thread 609] INFO  c.b.l.BrowserStackRunExtension - testng
21:13:08.140 [ApplicationImpl pooled thread 609] INFO  com.browserstack.utils.Helpers - null
21:13:08.141 [ApplicationImpl pooled thread 609] INFO  c.b.l.BrowserStackRunExtension - Agent path: null
21:13:50.614 [ApplicationImpl pooled thread 622] INFO  c.b.l.BrowserStackRunExtension - testng
21:13:50.614 [ApplicationImpl pooled thread 622] INFO  com.browserstack.utils.Helpers - null
21:13:50.614 [ApplicationImpl pooled thread 622] INFO  c.b.l.BrowserStackRunExtension - Agent path: null
21:15:14.856 [ApplicationImpl pooled thread 630] INFO  c.b.l.BrowserStackRunExtension - testng
21:15:14.857 [ApplicationImpl pooled thread 630] INFO  com.browserstack.utils.Helpers - null
21:15:14.857 [ApplicationImpl pooled thread 630] INFO  c.b.l.BrowserStackRunExtension - Agent path: null
21:16:05.303 [ApplicationImpl pooled thread 625] INFO  c.b.l.BrowserStackRunExtension - testng
21:16:05.304 [ApplicationImpl pooled thread 625] INFO  com.browserstack.utils.Helpers - null
21:16:05.304 [ApplicationImpl pooled thread 625] INFO  c.b.l.BrowserStackRunExtension - Agent path: null
21:16:41.021 [ApplicationImpl pooled thread 632] INFO  c.b.l.BrowserStackRunExtension - testng
21:16:41.021 [ApplicationImpl pooled thread 632] INFO  com.browserstack.utils.Helpers - null
21:16:41.022 [ApplicationImpl pooled thread 632] INFO  c.b.l.BrowserStackRunExtension - Agent path: null
21:17:16.236 [ApplicationImpl pooled thread 637] INFO  c.b.l.BrowserStackRunExtension - testng
21:17:16.236 [ApplicationImpl pooled thread 637] INFO  com.browserstack.utils.Helpers - null
21:17:16.237 [ApplicationImpl pooled thread 637] INFO  c.b.l.BrowserStackRunExtension - Agent path: null
21:17:59.574 [ApplicationImpl pooled thread 622] INFO  c.b.l.BrowserStackRunExtension - testng
21:17:59.574 [ApplicationImpl pooled thread 622] INFO  com.browserstack.utils.Helpers - null
21:17:59.574 [ApplicationImpl pooled thread 622] INFO  c.b.l.BrowserStackRunExtension - Agent path: null
21:18:45.479 [ApplicationImpl pooled thread 632] INFO  c.b.l.BrowserStackRunExtension - testng
21:18:45.479 [ApplicationImpl pooled thread 632] INFO  com.browserstack.utils.Helpers - null
21:18:45.479 [ApplicationImpl pooled thread 632] INFO  c.b.l.BrowserStackRunExtension - Agent path: null
22:20:48.740 [ApplicationImpl pooled thread 683] INFO  c.b.l.BrowserStackRunExtension - testng
22:20:48.742 [ApplicationImpl pooled thread 683] INFO  com.browserstack.utils.Helpers - null
22:20:48.742 [ApplicationImpl pooled thread 683] INFO  c.b.l.BrowserStackRunExtension - Agent path: null
22:21:25.564 [ApplicationImpl pooled thread 690] INFO  c.b.l.BrowserStackRunExtension - testng
22:21:25.564 [ApplicationImpl pooled thread 690] INFO  com.browserstack.utils.Helpers - null
22:21:25.564 [ApplicationImpl pooled thread 690] INFO  c.b.l.BrowserStackRunExtension - Agent path: null
22:23:46.204 [ApplicationImpl pooled thread 691] INFO  c.b.l.BrowserStackRunExtension - testng
22:23:46.204 [ApplicationImpl pooled thread 691] INFO  com.browserstack.utils.Helpers - null
22:23:46.204 [ApplicationImpl pooled thread 691] INFO  c.b.l.BrowserStackRunExtension - Agent path: null
22:24:24.232 [ApplicationImpl pooled thread 700] INFO  c.b.l.BrowserStackRunExtension - testng
22:24:24.232 [ApplicationImpl pooled thread 700] INFO  com.browserstack.utils.Helpers - null
22:24:24.232 [ApplicationImpl pooled thread 700] INFO  c.b.l.BrowserStackRunExtension - Agent path: null
22:26:25.970 [ApplicationImpl pooled thread 704] INFO  c.b.l.BrowserStackRunExtension - testng
22:26:25.970 [ApplicationImpl pooled thread 704] INFO  com.browserstack.utils.Helpers - null
22:26:25.971 [ApplicationImpl pooled thread 704] INFO  c.b.l.BrowserStackRunExtension - Agent path: null
22:26:55.028 [ApplicationImpl pooled thread 704] INFO  c.b.l.BrowserStackRunExtension - testng
22:26:55.028 [ApplicationImpl pooled thread 704] INFO  com.browserstack.utils.Helpers - null
22:26:55.028 [ApplicationImpl pooled thread 704] INFO  c.b.l.BrowserStackRunExtension - Agent path: null
22:28:38.628 [ApplicationImpl pooled thread 716] INFO  c.b.l.BrowserStackRunExtension - testng
22:28:38.628 [ApplicationImpl pooled thread 716] INFO  com.browserstack.utils.Helpers - null
22:28:38.628 [ApplicationImpl pooled thread 716] INFO  c.b.l.BrowserStackRunExtension - Agent path: null
22:29:11.448 [ApplicationImpl pooled thread 722] INFO  c.b.l.BrowserStackRunExtension - testng
22:29:11.448 [ApplicationImpl pooled thread 722] INFO  com.browserstack.utils.Helpers - null
22:29:11.448 [ApplicationImpl pooled thread 722] INFO  c.b.l.BrowserStackRunExtension - Agent path: null
22:30:50.410 [ApplicationImpl pooled thread 729] INFO  c.b.l.BrowserStackRunExtension - testng
22:30:50.410 [ApplicationImpl pooled thread 729] INFO  com.browserstack.utils.Helpers - null
22:30:50.410 [ApplicationImpl pooled thread 729] INFO  c.b.l.BrowserStackRunExtension - Agent path: null
23:01:09.242 [ApplicationImpl pooled thread 786] INFO  c.b.l.BrowserStackRunExtension - testng
23:01:09.243 [ApplicationImpl pooled thread 786] INFO  com.browserstack.utils.Helpers - null
23:01:09.243 [ApplicationImpl pooled thread 786] INFO  c.b.l.BrowserStackRunExtension - Agent path: null
23:02:40.864 [ApplicationImpl pooled thread 766] INFO  c.b.l.BrowserStackRunExtension - testng
23:02:40.864 [ApplicationImpl pooled thread 766] INFO  com.browserstack.utils.Helpers - null
23:02:40.864 [ApplicationImpl pooled thread 766] INFO  c.b.l.BrowserStackRunExtension - Agent path: null
23:03:05.726 [ApplicationImpl pooled thread 770] INFO  c.b.l.BrowserStackRunExtension - testng
23:03:05.726 [ApplicationImpl pooled thread 770] INFO  com.browserstack.utils.Helpers - null
23:03:05.726 [ApplicationImpl pooled thread 770] INFO  c.b.l.BrowserStackRunExtension - Agent path: null
23:05:13.266 [ApplicationImpl pooled thread 766] INFO  c.b.l.BrowserStackRunExtension - testng
23:05:13.266 [ApplicationImpl pooled thread 766] INFO  com.browserstack.utils.Helpers - null
23:05:13.266 [ApplicationImpl pooled thread 766] INFO  c.b.l.BrowserStackRunExtension - Agent path: null
23:11:12.560 [ApplicationImpl pooled thread 809] INFO  c.b.l.BrowserStackRunExtension - testng
23:11:12.560 [ApplicationImpl pooled thread 809] INFO  com.browserstack.utils.Helpers - null
23:11:12.561 [ApplicationImpl pooled thread 809] INFO  c.b.l.BrowserStackRunExtension - Agent path: null
23:11:48.810 [ApplicationImpl pooled thread 811] INFO  c.b.l.BrowserStackRunExtension - testng
23:11:48.811 [ApplicationImpl pooled thread 811] INFO  com.browserstack.utils.Helpers - null
23:11:48.811 [ApplicationImpl pooled thread 811] INFO  c.b.l.BrowserStackRunExtension - Agent path: null
23:13:09.400 [ApplicationImpl pooled thread 822] INFO  c.b.l.BrowserStackRunExtension - testng
23:13:09.400 [ApplicationImpl pooled thread 822] INFO  com.browserstack.utils.Helpers - null
23:13:09.400 [ApplicationImpl pooled thread 822] INFO  c.b.l.BrowserStackRunExtension - Agent path: null
23:13:55.812 [ApplicationImpl pooled thread 822] INFO  c.b.l.BrowserStackRunExtension - testng
23:13:55.812 [ApplicationImpl pooled thread 822] INFO  com.browserstack.utils.Helpers - null
23:13:55.812 [ApplicationImpl pooled thread 822] INFO  c.b.l.BrowserStackRunExtension - Agent path: null
23:14:53.872 [ApplicationImpl pooled thread 820] INFO  c.b.l.BrowserStackRunExtension - testng
23:14:53.872 [ApplicationImpl pooled thread 820] INFO  com.browserstack.utils.Helpers - null
23:14:53.872 [ApplicationImpl pooled thread 820] INFO  c.b.l.BrowserStackRunExtension - Agent path: null
23:16:07.171 [ApplicationImpl pooled thread 827] INFO  c.b.l.BrowserStackRunExtension - testng
23:16:07.171 [ApplicationImpl pooled thread 827] INFO  com.browserstack.utils.Helpers - null
23:16:07.172 [ApplicationImpl pooled thread 827] INFO  c.b.l.BrowserStackRunExtension - Agent path: null
23:17:02.056 [ApplicationImpl pooled thread 825] INFO  c.b.l.BrowserStackRunExtension - testng
23:17:02.056 [ApplicationImpl pooled thread 825] INFO  com.browserstack.utils.Helpers - null
23:17:02.057 [ApplicationImpl pooled thread 825] INFO  c.b.l.BrowserStackRunExtension - Agent path: null
23:17:50.747 [ApplicationImpl pooled thread 832] INFO  c.b.l.BrowserStackRunExtension - testng
23:17:50.748 [ApplicationImpl pooled thread 832] INFO  com.browserstack.utils.Helpers - null
23:17:50.748 [ApplicationImpl pooled thread 832] INFO  c.b.l.BrowserStackRunExtension - Agent path: null
23:19:40.200 [ApplicationImpl pooled thread 829] INFO  c.b.l.BrowserStackRunExtension - testng
23:19:40.200 [ApplicationImpl pooled thread 829] INFO  com.browserstack.utils.Helpers - null
23:19:40.200 [ApplicationImpl pooled thread 829] INFO  c.b.l.BrowserStackRunExtension - Agent path: null
23:20:29.072 [ApplicationImpl pooled thread 820] INFO  c.b.l.BrowserStackRunExtension - testng
23:20:29.072 [ApplicationImpl pooled thread 820] INFO  com.browserstack.utils.Helpers - null
23:20:29.072 [ApplicationImpl pooled thread 820] INFO  c.b.l.BrowserStackRunExtension - Agent path: null
23:20:44.071 [ApplicationImpl pooled thread 819] INFO  c.b.l.BrowserStackRunExtension - testng
23:20:44.071 [ApplicationImpl pooled thread 819] INFO  com.browserstack.utils.Helpers - null
23:20:44.071 [ApplicationImpl pooled thread 819] INFO  c.b.l.BrowserStackRunExtension - Agent path: null
23:29:28.605 [ApplicationImpl pooled thread 845] INFO  c.b.l.BrowserStackRunExtension - testng
23:29:28.606 [ApplicationImpl pooled thread 845] INFO  com.browserstack.utils.Helpers - null
23:29:28.607 [ApplicationImpl pooled thread 845] INFO  c.b.l.BrowserStackRunExtension - Agent path: null
23:29:52.253 [ApplicationImpl pooled thread 849] INFO  c.b.l.BrowserStackRunExtension - testng
23:29:52.254 [ApplicationImpl pooled thread 849] INFO  com.browserstack.utils.Helpers - null
23:29:52.254 [ApplicationImpl pooled thread 849] INFO  c.b.l.BrowserStackRunExtension - Agent path: null
23:30:26.849 [ApplicationImpl pooled thread 826] INFO  c.b.l.BrowserStackRunExtension - testng
23:30:26.849 [ApplicationImpl pooled thread 826] INFO  com.browserstack.utils.Helpers - null
23:30:26.850 [ApplicationImpl pooled thread 826] INFO  c.b.l.BrowserStackRunExtension - Agent path: null
23:31:10.504 [ApplicationImpl pooled thread 846] INFO  c.b.l.BrowserStackRunExtension - testng
23:31:10.504 [ApplicationImpl pooled thread 846] INFO  com.browserstack.utils.Helpers - null
23:31:10.504 [ApplicationImpl pooled thread 846] INFO  c.b.l.BrowserStackRunExtension - Agent path: null
23:31:21.809 [ApplicationImpl pooled thread 854] INFO  c.b.l.BrowserStackRunExtension - testng
23:31:21.809 [ApplicationImpl pooled thread 854] INFO  com.browserstack.utils.Helpers - null
23:31:21.810 [ApplicationImpl pooled thread 854] INFO  c.b.l.BrowserStackRunExtension - Agent path: null
23:31:34.805 [ApplicationImpl pooled thread 846] INFO  c.b.l.BrowserStackRunExtension - testng
23:31:34.805 [ApplicationImpl pooled thread 846] INFO  com.browserstack.utils.Helpers - null
23:31:34.806 [ApplicationImpl pooled thread 846] INFO  c.b.l.BrowserStackRunExtension - Agent path: null
23:31:58.610 [ApplicationImpl pooled thread 855] INFO  c.b.l.BrowserStackRunExtension - testng
23:31:58.610 [ApplicationImpl pooled thread 855] INFO  com.browserstack.utils.Helpers - null
23:31:58.610 [ApplicationImpl pooled thread 855] INFO  c.b.l.BrowserStackRunExtension - Agent path: null
23:32:19.480 [ApplicationImpl pooled thread 858] INFO  c.b.l.BrowserStackRunExtension - testng
23:32:19.480 [ApplicationImpl pooled thread 858] INFO  com.browserstack.utils.Helpers - null
23:32:19.480 [ApplicationImpl pooled thread 858] INFO  c.b.l.BrowserStackRunExtension - Agent path: null
23:33:24.194 [ApplicationImpl pooled thread 845] INFO  c.b.l.BrowserStackRunExtension - testng
23:33:24.194 [ApplicationImpl pooled thread 845] INFO  com.browserstack.utils.Helpers - null
23:33:24.194 [ApplicationImpl pooled thread 845] INFO  c.b.l.BrowserStackRunExtension - Agent path: null
23:37:25.425 [ApplicationImpl pooled thread 866] INFO  c.b.l.BrowserStackRunExtension - testng
23:37:25.425 [ApplicationImpl pooled thread 866] INFO  com.browserstack.utils.Helpers - null
23:37:25.425 [ApplicationImpl pooled thread 866] INFO  c.b.l.BrowserStackRunExtension - Agent path: null
23:41:22.734 [ApplicationImpl pooled thread 849] INFO  c.b.l.BrowserStackRunExtension - testng
23:41:22.734 [ApplicationImpl pooled thread 849] INFO  com.browserstack.utils.Helpers - null
23:41:22.734 [ApplicationImpl pooled thread 849] INFO  c.b.l.BrowserStackRunExtension - Agent path: null
23:41:39.010 [ApplicationImpl pooled thread 858] INFO  c.b.l.BrowserStackRunExtension - testng
23:41:39.010 [ApplicationImpl pooled thread 858] INFO  com.browserstack.utils.Helpers - null
23:41:39.010 [ApplicationImpl pooled thread 858] INFO  c.b.l.BrowserStackRunExtension - Agent path: null
23:42:19.881 [ApplicationImpl pooled thread 847] INFO  c.b.l.BrowserStackRunExtension - testng
23:42:19.881 [ApplicationImpl pooled thread 847] INFO  com.browserstack.utils.Helpers - null
23:42:19.881 [ApplicationImpl pooled thread 847] INFO  c.b.l.BrowserStackRunExtension - Agent path: null
23:43:42.869 [ApplicationImpl pooled thread 883] INFO  c.b.l.BrowserStackRunExtension - testng
23:43:42.870 [ApplicationImpl pooled thread 883] INFO  com.browserstack.utils.Helpers - null
23:43:42.870 [ApplicationImpl pooled thread 883] INFO  c.b.l.BrowserStackRunExtension - Agent path: null
23:44:55.154 [ApplicationImpl pooled thread 889] INFO  c.b.l.BrowserStackRunExtension - testng
23:44:55.154 [ApplicationImpl pooled thread 889] INFO  com.browserstack.utils.Helpers - null
23:44:55.154 [ApplicationImpl pooled thread 889] INFO  c.b.l.BrowserStackRunExtension - Agent path: null
23:46:42.225 [ApplicationImpl pooled thread 887] INFO  c.b.l.BrowserStackRunExtension - testng
23:46:42.225 [ApplicationImpl pooled thread 887] INFO  com.browserstack.utils.Helpers - null
23:46:42.225 [ApplicationImpl pooled thread 887] INFO  c.b.l.BrowserStackRunExtension - Agent path: null
23:48:05.845 [ApplicationImpl pooled thread 893] INFO  c.b.l.BrowserStackRunExtension - testng
23:48:05.845 [ApplicationImpl pooled thread 893] INFO  com.browserstack.utils.Helpers - null
23:48:05.845 [ApplicationImpl pooled thread 893] INFO  c.b.l.BrowserStackRunExtension - Agent path: null
23:48:32.780 [ApplicationImpl pooled thread 880] INFO  c.b.l.BrowserStackRunExtension - testng
23:48:32.780 [ApplicationImpl pooled thread 880] INFO  com.browserstack.utils.Helpers - null
23:48:32.780 [ApplicationImpl pooled thread 880] INFO  c.b.l.BrowserStackRunExtension - Agent path: null
23:49:41.355 [ApplicationImpl pooled thread 883] INFO  c.b.l.BrowserStackRunExtension - testng
23:49:41.355 [ApplicationImpl pooled thread 883] INFO  com.browserstack.utils.Helpers - null
23:49:41.355 [ApplicationImpl pooled thread 883] INFO  c.b.l.BrowserStackRunExtension - Agent path: null
23:52:01.950 [ApplicationImpl pooled thread 905] INFO  c.b.l.BrowserStackRunExtension - testng
23:52:01.950 [ApplicationImpl pooled thread 905] INFO  com.browserstack.utils.Helpers - null
23:52:01.954 [ApplicationImpl pooled thread 905] INFO  c.b.l.BrowserStackRunExtension - Agent path: null
23:53:00.716 [ApplicationImpl pooled thread 887] INFO  c.b.l.BrowserStackRunExtension - testng
23:53:00.716 [ApplicationImpl pooled thread 887] INFO  com.browserstack.utils.Helpers - null
23:53:00.716 [ApplicationImpl pooled thread 887] INFO  c.b.l.BrowserStackRunExtension - Agent path: null
23:59:25.278 [ApplicationImpl pooled thread 922] INFO  c.b.l.BrowserStackRunExtension - testng
23:59:25.279 [ApplicationImpl pooled thread 922] INFO  com.browserstack.utils.Helpers - null
23:59:25.279 [ApplicationImpl pooled thread 922] INFO  c.b.l.BrowserStackRunExtension - Agent path: null
23:59:43.657 [ApplicationImpl pooled thread 924] INFO  c.b.l.BrowserStackRunExtension - testng
23:59:43.657 [ApplicationImpl pooled thread 924] INFO  com.browserstack.utils.Helpers - null
23:59:43.657 [ApplicationImpl pooled thread 924] INFO  c.b.l.BrowserStackRunExtension - Agent path: null
00:02:11.060 [ApplicationImpl pooled thread 922] INFO  c.b.l.BrowserStackRunExtension - testng
00:02:11.060 [ApplicationImpl pooled thread 922] INFO  com.browserstack.utils.Helpers - null
00:02:11.061 [ApplicationImpl pooled thread 922] INFO  c.b.l.BrowserStackRunExtension - Agent path: null
00:04:40.632 [ApplicationImpl pooled thread 937] INFO  c.b.l.BrowserStackRunExtension - testng
00:04:40.632 [ApplicationImpl pooled thread 937] INFO  com.browserstack.utils.Helpers - null
00:04:40.632 [ApplicationImpl pooled thread 937] INFO  c.b.l.BrowserStackRunExtension - Agent path: null
00:05:58.125 [ApplicationImpl pooled thread 936] INFO  c.b.l.BrowserStackRunExtension - testng
00:05:58.125 [ApplicationImpl pooled thread 936] INFO  com.browserstack.utils.Helpers - null
00:05:58.125 [ApplicationImpl pooled thread 936] INFO  c.b.l.BrowserStackRunExtension - Agent path: null
00:06:54.097 [ApplicationImpl pooled thread 935] INFO  c.b.l.BrowserStackRunExtension - testng
00:06:54.097 [ApplicationImpl pooled thread 935] INFO  com.browserstack.utils.Helpers - null
00:06:54.097 [ApplicationImpl pooled thread 935] INFO  c.b.l.BrowserStackRunExtension - Agent path: null
00:07:22.136 [ApplicationImpl pooled thread 940] INFO  c.b.l.BrowserStackRunExtension - testng
00:07:22.136 [ApplicationImpl pooled thread 940] INFO  com.browserstack.utils.Helpers - null
00:07:22.136 [ApplicationImpl pooled thread 940] INFO  c.b.l.BrowserStackRunExtension - Agent path: null
01:12:48.813 [ApplicationImpl pooled thread 23] INFO  c.b.l.BrowserStackRunExtension - testng
01:12:48.814 [ApplicationImpl pooled thread 23] INFO  com.browserstack.utils.Helpers - null
01:12:48.816 [ApplicationImpl pooled thread 23] INFO  c.b.l.BrowserStackRunExtension - Agent path: null
01:14:09.035 [ApplicationImpl pooled thread 29] INFO  c.b.l.BrowserStackRunExtension - testng
01:14:09.035 [ApplicationImpl pooled thread 29] INFO  com.browserstack.utils.Helpers - null
01:14:09.036 [ApplicationImpl pooled thread 29] INFO  c.b.l.BrowserStackRunExtension - Agent path: null
01:14:19.159 [ApplicationImpl pooled thread 22] INFO  c.b.l.BrowserStackRunExtension - testng
01:14:19.159 [ApplicationImpl pooled thread 22] INFO  com.browserstack.utils.Helpers - null
01:14:19.159 [ApplicationImpl pooled thread 22] INFO  c.b.l.BrowserStackRunExtension - Agent path: null
01:31:18.205 [ApplicationImpl pooled thread 55] INFO  c.b.l.BrowserStackRunExtension - testng
01:31:18.205 [ApplicationImpl pooled thread 55] INFO  com.browserstack.utils.Helpers - null
01:31:18.206 [ApplicationImpl pooled thread 55] INFO  c.b.l.BrowserStackRunExtension - Agent path: null
01:31:59.337 [ApplicationImpl pooled thread 53] INFO  c.b.l.BrowserStackRunExtension - testng
01:31:59.337 [ApplicationImpl pooled thread 53] INFO  com.browserstack.utils.Helpers - null
01:31:59.337 [ApplicationImpl pooled thread 53] INFO  c.b.l.BrowserStackRunExtension - Agent path: null
01:32:51.507 [ApplicationImpl pooled thread 56] INFO  c.b.l.BrowserStackRunExtension - testng
01:32:51.507 [ApplicationImpl pooled thread 56] INFO  com.browserstack.utils.Helpers - null
01:32:51.508 [ApplicationImpl pooled thread 56] INFO  c.b.l.BrowserStackRunExtension - Agent path: null
01:43:22.701 [ApplicationImpl pooled thread 74] INFO  c.b.l.BrowserStackRunExtension - testng
01:43:22.701 [ApplicationImpl pooled thread 74] INFO  com.browserstack.utils.Helpers - null
01:43:22.701 [ApplicationImpl pooled thread 74] INFO  c.b.l.BrowserStackRunExtension - Agent path: null
01:59:48.146 [ApplicationImpl pooled thread 86] INFO  c.b.l.BrowserStackRunExtension - testng
01:59:48.147 [ApplicationImpl pooled thread 86] INFO  com.browserstack.utils.Helpers - null
01:59:48.147 [ApplicationImpl pooled thread 86] INFO  c.b.l.BrowserStackRunExtension - Agent path: null
02:00:07.375 [ApplicationImpl pooled thread 99] INFO  c.b.l.BrowserStackRunExtension - testng
02:00:07.375 [ApplicationImpl pooled thread 99] INFO  com.browserstack.utils.Helpers - null
02:00:07.375 [ApplicationImpl pooled thread 99] INFO  c.b.l.BrowserStackRunExtension - Agent path: null
02:00:30.891 [ApplicationImpl pooled thread 83] INFO  c.b.l.BrowserStackRunExtension - testng
02:00:30.892 [ApplicationImpl pooled thread 83] INFO  com.browserstack.utils.Helpers - null
02:00:30.892 [ApplicationImpl pooled thread 83] INFO  c.b.l.BrowserStackRunExtension - Agent path: null
02:07:22.907 [ApplicationImpl pooled thread 104] INFO  c.b.l.BrowserStackRunExtension - testng
02:07:22.907 [ApplicationImpl pooled thread 104] INFO  com.browserstack.utils.Helpers - null
02:07:22.907 [ApplicationImpl pooled thread 104] INFO  c.b.l.BrowserStackRunExtension - Agent path: null
02:07:47.075 [ApplicationImpl pooled thread 99] INFO  c.b.l.BrowserStackRunExtension - testng
02:07:47.075 [ApplicationImpl pooled thread 99] INFO  com.browserstack.utils.Helpers - null
02:07:47.076 [ApplicationImpl pooled thread 99] INFO  c.b.l.BrowserStackRunExtension - Agent path: null
02:08:14.560 [ApplicationImpl pooled thread 105] INFO  c.b.l.BrowserStackRunExtension - testng
02:08:14.560 [ApplicationImpl pooled thread 105] INFO  com.browserstack.utils.Helpers - null
02:08:14.561 [ApplicationImpl pooled thread 105] INFO  c.b.l.BrowserStackRunExtension - Agent path: null
02:08:52.327 [ApplicationImpl pooled thread 110] INFO  c.b.l.BrowserStackRunExtension - testng
02:08:52.327 [ApplicationImpl pooled thread 110] INFO  com.browserstack.utils.Helpers - null
02:08:52.327 [ApplicationImpl pooled thread 110] INFO  c.b.l.BrowserStackRunExtension - Agent path: null
02:09:13.177 [ApplicationImpl pooled thread 110] INFO  c.b.l.BrowserStackRunExtension - testng
02:09:13.177 [ApplicationImpl pooled thread 110] INFO  com.browserstack.utils.Helpers - null
02:09:13.177 [ApplicationImpl pooled thread 110] INFO  c.b.l.BrowserStackRunExtension - Agent path: null
02:09:44.031 [ApplicationImpl pooled thread 104] INFO  c.b.l.BrowserStackRunExtension - testng
02:09:44.031 [ApplicationImpl pooled thread 104] INFO  com.browserstack.utils.Helpers - null
02:09:44.031 [ApplicationImpl pooled thread 104] INFO  c.b.l.BrowserStackRunExtension - Agent path: null
02:11:01.433 [ApplicationImpl pooled thread 110] INFO  c.b.l.BrowserStackRunExtension - testng
02:11:01.433 [ApplicationImpl pooled thread 110] INFO  com.browserstack.utils.Helpers - null
02:11:01.433 [ApplicationImpl pooled thread 110] INFO  c.b.l.BrowserStackRunExtension - Agent path: null
02:11:22.163 [ApplicationImpl pooled thread 104] INFO  c.b.l.BrowserStackRunExtension - testng
02:11:22.163 [ApplicationImpl pooled thread 104] INFO  com.browserstack.utils.Helpers - null
02:11:22.163 [ApplicationImpl pooled thread 104] INFO  c.b.l.BrowserStackRunExtension - Agent path: null
02:13:03.275 [ApplicationImpl pooled thread 101] INFO  c.b.l.BrowserStackRunExtension - testng
02:13:03.275 [ApplicationImpl pooled thread 101] INFO  com.browserstack.utils.Helpers - null
02:13:03.275 [ApplicationImpl pooled thread 101] INFO  c.b.l.BrowserStackRunExtension - Agent path: null
02:24:16.320 [ApplicationImpl pooled thread 121] INFO  c.b.l.BrowserStackRunExtension - testng
02:24:16.320 [ApplicationImpl pooled thread 121] INFO  com.browserstack.utils.Helpers - null
02:24:16.320 [ApplicationImpl pooled thread 121] INFO  c.b.l.BrowserStackRunExtension - Agent path: null
02:27:56.187 [ApplicationImpl pooled thread 136] INFO  c.b.l.BrowserStackRunExtension - testng
02:27:56.187 [ApplicationImpl pooled thread 136] INFO  com.browserstack.utils.Helpers - null
02:27:56.187 [ApplicationImpl pooled thread 136] INFO  c.b.l.BrowserStackRunExtension - Agent path: null
02:28:25.721 [ApplicationImpl pooled thread 136] INFO  c.b.l.BrowserStackRunExtension - testng
02:28:25.721 [ApplicationImpl pooled thread 136] INFO  com.browserstack.utils.Helpers - null
02:28:25.721 [ApplicationImpl pooled thread 136] INFO  c.b.l.BrowserStackRunExtension - Agent path: null
02:33:31.600 [ApplicationImpl pooled thread 136] INFO  c.b.l.BrowserStackRunExtension - testng
02:33:31.601 [ApplicationImpl pooled thread 136] INFO  com.browserstack.utils.Helpers - null
02:33:31.601 [ApplicationImpl pooled thread 136] INFO  c.b.l.BrowserStackRunExtension - Agent path: null
02:33:47.742 [ApplicationImpl pooled thread 147] INFO  c.b.l.BrowserStackRunExtension - testng
02:33:47.742 [ApplicationImpl pooled thread 147] INFO  com.browserstack.utils.Helpers - null
02:33:47.743 [ApplicationImpl pooled thread 147] INFO  c.b.l.BrowserStackRunExtension - Agent path: null
02:34:21.441 [ApplicationImpl pooled thread 142] INFO  c.b.l.BrowserStackRunExtension - testng
02:34:21.441 [ApplicationImpl pooled thread 142] INFO  com.browserstack.utils.Helpers - null
02:34:21.442 [ApplicationImpl pooled thread 142] INFO  c.b.l.BrowserStackRunExtension - Agent path: null
02:35:42.266 [ApplicationImpl pooled thread 144] INFO  c.b.l.BrowserStackRunExtension - testng
02:35:42.266 [ApplicationImpl pooled thread 144] INFO  com.browserstack.utils.Helpers - null
02:35:42.266 [ApplicationImpl pooled thread 144] INFO  c.b.l.BrowserStackRunExtension - Agent path: null
02:35:57.848 [ApplicationImpl pooled thread 144] INFO  c.b.l.BrowserStackRunExtension - testng
02:35:57.848 [ApplicationImpl pooled thread 144] INFO  com.browserstack.utils.Helpers - null
02:35:57.848 [ApplicationImpl pooled thread 144] INFO  c.b.l.BrowserStackRunExtension - Agent path: null
02:36:15.823 [ApplicationImpl pooled thread 141] INFO  c.b.l.BrowserStackRunExtension - testng
02:36:15.823 [ApplicationImpl pooled thread 141] INFO  com.browserstack.utils.Helpers - null
02:36:15.823 [ApplicationImpl pooled thread 141] INFO  c.b.l.BrowserStackRunExtension - Agent path: null
02:36:35.742 [ApplicationImpl pooled thread 144] INFO  c.b.l.BrowserStackRunExtension - testng
02:36:35.742 [ApplicationImpl pooled thread 144] INFO  com.browserstack.utils.Helpers - null
02:36:35.742 [ApplicationImpl pooled thread 144] INFO  c.b.l.BrowserStackRunExtension - Agent path: null
02:37:04.749 [ApplicationImpl pooled thread 138] INFO  c.b.l.BrowserStackRunExtension - testng
02:37:04.749 [ApplicationImpl pooled thread 138] INFO  com.browserstack.utils.Helpers - null
02:37:04.749 [ApplicationImpl pooled thread 138] INFO  c.b.l.BrowserStackRunExtension - Agent path: null
02:37:18.333 [ApplicationImpl pooled thread 138] INFO  c.b.l.BrowserStackRunExtension - testng
02:37:18.333 [ApplicationImpl pooled thread 138] INFO  com.browserstack.utils.Helpers - null
02:37:18.333 [ApplicationImpl pooled thread 138] INFO  c.b.l.BrowserStackRunExtension - Agent path: null
02:37:57.510 [ApplicationImpl pooled thread 150] INFO  c.b.l.BrowserStackRunExtension - testng
02:37:57.510 [ApplicationImpl pooled thread 150] INFO  com.browserstack.utils.Helpers - null
02:37:57.511 [ApplicationImpl pooled thread 150] INFO  c.b.l.BrowserStackRunExtension - Agent path: null
02:38:12.709 [ApplicationImpl pooled thread 121] INFO  c.b.l.BrowserStackRunExtension - testng
02:38:12.709 [ApplicationImpl pooled thread 121] INFO  com.browserstack.utils.Helpers - null
02:38:12.710 [ApplicationImpl pooled thread 121] INFO  c.b.l.BrowserStackRunExtension - Agent path: null
02:38:42.348 [ApplicationImpl pooled thread 143] INFO  c.b.l.BrowserStackRunExtension - testng
02:38:42.348 [ApplicationImpl pooled thread 143] INFO  com.browserstack.utils.Helpers - null
02:38:42.348 [ApplicationImpl pooled thread 143] INFO  c.b.l.BrowserStackRunExtension - Agent path: null
02:38:59.544 [ApplicationImpl pooled thread 131] INFO  c.b.l.BrowserStackRunExtension - testng
02:38:59.544 [ApplicationImpl pooled thread 131] INFO  com.browserstack.utils.Helpers - null
02:38:59.544 [ApplicationImpl pooled thread 131] INFO  c.b.l.BrowserStackRunExtension - Agent path: null
02:39:14.303 [ApplicationImpl pooled thread 151] INFO  c.b.l.BrowserStackRunExtension - testng
02:39:14.303 [ApplicationImpl pooled thread 151] INFO  com.browserstack.utils.Helpers - null
02:39:14.303 [ApplicationImpl pooled thread 151] INFO  c.b.l.BrowserStackRunExtension - Agent path: null
02:43:31.355 [ApplicationImpl pooled thread 152] INFO  c.b.l.BrowserStackRunExtension - testng
02:43:31.356 [ApplicationImpl pooled thread 152] INFO  com.browserstack.utils.Helpers - null
02:43:31.358 [ApplicationImpl pooled thread 152] INFO  c.b.l.BrowserStackRunExtension - Agent path: null
02:49:23.152 [ApplicationImpl pooled thread 181] INFO  c.b.l.BrowserStackRunExtension - testng
02:49:23.152 [ApplicationImpl pooled thread 181] INFO  com.browserstack.utils.Helpers - null
02:49:23.152 [ApplicationImpl pooled thread 181] INFO  c.b.l.BrowserStackRunExtension - Agent path: null
02:49:57.914 [ApplicationImpl pooled thread 187] INFO  c.b.l.BrowserStackRunExtension - testng
02:49:57.914 [ApplicationImpl pooled thread 187] INFO  com.browserstack.utils.Helpers - null
02:49:57.915 [ApplicationImpl pooled thread 187] INFO  c.b.l.BrowserStackRunExtension - Agent path: null
02:50:20.676 [ApplicationImpl pooled thread 184] INFO  c.b.l.BrowserStackRunExtension - testng
02:50:20.676 [ApplicationImpl pooled thread 184] INFO  com.browserstack.utils.Helpers - null
02:50:20.677 [ApplicationImpl pooled thread 184] INFO  c.b.l.BrowserStackRunExtension - Agent path: null
02:50:38.321 [ApplicationImpl pooled thread 177] INFO  c.b.l.BrowserStackRunExtension - testng
02:50:38.321 [ApplicationImpl pooled thread 177] INFO  com.browserstack.utils.Helpers - null
02:50:38.322 [ApplicationImpl pooled thread 177] INFO  c.b.l.BrowserStackRunExtension - Agent path: null
02:51:05.063 [ApplicationImpl pooled thread 176] INFO  c.b.l.BrowserStackRunExtension - testng
02:51:05.063 [ApplicationImpl pooled thread 176] INFO  com.browserstack.utils.Helpers - null
02:51:05.063 [ApplicationImpl pooled thread 176] INFO  c.b.l.BrowserStackRunExtension - Agent path: null
02:51:27.596 [ApplicationImpl pooled thread 155] INFO  c.b.l.BrowserStackRunExtension - testng
02:51:27.596 [ApplicationImpl pooled thread 155] INFO  com.browserstack.utils.Helpers - null
02:51:27.596 [ApplicationImpl pooled thread 155] INFO  c.b.l.BrowserStackRunExtension - Agent path: null
03:01:28.200 [ApplicationImpl pooled thread 191] INFO  c.b.l.BrowserStackRunExtension - testng
03:01:28.200 [ApplicationImpl pooled thread 191] INFO  com.browserstack.utils.Helpers - null
03:01:28.201 [ApplicationImpl pooled thread 191] INFO  c.b.l.BrowserStackRunExtension - Agent path: null
03:01:57.597 [ApplicationImpl pooled thread 205] INFO  c.b.l.BrowserStackRunExtension - testng
03:01:57.597 [ApplicationImpl pooled thread 205] INFO  com.browserstack.utils.Helpers - null
03:01:57.597 [ApplicationImpl pooled thread 205] INFO  c.b.l.BrowserStackRunExtension - Agent path: null
03:02:26.219 [ApplicationImpl pooled thread 191] INFO  c.b.l.BrowserStackRunExtension - testng
03:02:26.219 [ApplicationImpl pooled thread 191] INFO  com.browserstack.utils.Helpers - null
03:02:26.219 [ApplicationImpl pooled thread 191] INFO  c.b.l.BrowserStackRunExtension - Agent path: null
03:03:06.458 [ApplicationImpl pooled thread 202] INFO  c.b.l.BrowserStackRunExtension - testng
03:03:06.458 [ApplicationImpl pooled thread 202] INFO  com.browserstack.utils.Helpers - null
03:03:06.458 [ApplicationImpl pooled thread 202] INFO  c.b.l.BrowserStackRunExtension - Agent path: null
03:03:21.658 [ApplicationImpl pooled thread 194] INFO  c.b.l.BrowserStackRunExtension - testng
03:03:21.658 [ApplicationImpl pooled thread 194] INFO  com.browserstack.utils.Helpers - null
03:03:21.663 [ApplicationImpl pooled thread 194] INFO  c.b.l.BrowserStackRunExtension - Agent path: null
03:03:44.183 [ApplicationImpl pooled thread 199] INFO  c.b.l.BrowserStackRunExtension - testng
03:03:44.183 [ApplicationImpl pooled thread 199] INFO  com.browserstack.utils.Helpers - null
03:03:44.183 [ApplicationImpl pooled thread 199] INFO  c.b.l.BrowserStackRunExtension - Agent path: null
03:04:31.734 [ApplicationImpl pooled thread 207] INFO  c.b.l.BrowserStackRunExtension - testng
03:04:31.734 [ApplicationImpl pooled thread 207] INFO  com.browserstack.utils.Helpers - null
03:04:31.734 [ApplicationImpl pooled thread 207] INFO  c.b.l.BrowserStackRunExtension - Agent path: null
03:04:55.397 [ApplicationImpl pooled thread 206] INFO  c.b.l.BrowserStackRunExtension - testng
03:04:55.397 [ApplicationImpl pooled thread 206] INFO  com.browserstack.utils.Helpers - null
03:04:55.397 [ApplicationImpl pooled thread 206] INFO  c.b.l.BrowserStackRunExtension - Agent path: null
03:06:08.164 [ApplicationImpl pooled thread 2] INFO  c.b.l.BrowserStackRunExtension - testng
03:06:08.165 [ApplicationImpl pooled thread 2] INFO  com.browserstack.utils.Helpers - null
03:06:08.165 [ApplicationImpl pooled thread 2] INFO  c.b.l.BrowserStackRunExtension - Agent path: null
03:08:31.876 [ApplicationImpl pooled thread 12] INFO  c.b.l.BrowserStackRunExtension - testng
03:08:31.877 [ApplicationImpl pooled thread 12] INFO  com.browserstack.utils.Helpers - null
03:08:31.878 [ApplicationImpl pooled thread 12] INFO  c.b.l.BrowserStackRunExtension - Agent path: null
03:09:35.455 [ApplicationImpl pooled thread 12] INFO  c.b.l.BrowserStackRunExtension - testng
03:09:35.455 [ApplicationImpl pooled thread 12] INFO  com.browserstack.utils.Helpers - null
03:09:35.455 [ApplicationImpl pooled thread 12] INFO  c.b.l.BrowserStackRunExtension - Agent path: null
03:11:02.666 [ApplicationImpl pooled thread 15] INFO  c.b.l.BrowserStackRunExtension - testng
03:11:02.666 [ApplicationImpl pooled thread 15] INFO  com.browserstack.utils.Helpers - null
03:11:02.666 [ApplicationImpl pooled thread 15] INFO  c.b.l.BrowserStackRunExtension - Agent path: null
03:15:59.312 [ApplicationImpl pooled thread 52] INFO  c.b.l.BrowserStackRunExtension - testng
03:15:59.312 [ApplicationImpl pooled thread 52] INFO  com.browserstack.utils.Helpers - null
03:15:59.312 [ApplicationImpl pooled thread 52] INFO  c.b.l.BrowserStackRunExtension - Agent path: null
03:16:32.044 [ApplicationImpl pooled thread 50] INFO  c.b.l.BrowserStackRunExtension - maven
03:16:32.044 [ApplicationImpl pooled thread 50] INFO  com.browserstack.utils.Helpers - null
03:16:41.945 [ApplicationImpl pooled thread 56] INFO  c.b.l.BrowserStackRunExtension - maven
03:16:41.945 [ApplicationImpl pooled thread 56] INFO  com.browserstack.utils.Helpers - null
03:16:52.007 [ApplicationImpl pooled thread 42] INFO  c.b.l.BrowserStackRunExtension - maven
03:16:52.008 [ApplicationImpl pooled thread 42] INFO  com.browserstack.utils.Helpers - null
03:16:57.020 [ApplicationImpl pooled thread 10] INFO  c.b.l.BrowserStackRunExtension - testng
03:16:57.021 [ApplicationImpl pooled thread 10] INFO  com.browserstack.utils.Helpers - null
03:16:57.021 [ApplicationImpl pooled thread 10] INFO  c.b.l.BrowserStackRunExtension - Agent path: null
03:18:31.440 [ApplicationImpl pooled thread 57] INFO  c.b.l.BrowserStackRunExtension - testng
03:18:31.440 [ApplicationImpl pooled thread 57] INFO  com.browserstack.utils.Helpers - null
03:18:31.441 [ApplicationImpl pooled thread 57] INFO  c.b.l.BrowserStackRunExtension - Agent path: null
03:18:55.252 [ApplicationImpl pooled thread 58] INFO  c.b.l.BrowserStackRunExtension - testng
03:18:55.252 [ApplicationImpl pooled thread 58] INFO  com.browserstack.utils.Helpers - null
03:18:55.252 [ApplicationImpl pooled thread 58] INFO  c.b.l.BrowserStackRunExtension - Agent path: null
03:20:14.107 [ApplicationImpl pooled thread 50] INFO  c.b.l.BrowserStackRunExtension - maven
03:20:14.107 [ApplicationImpl pooled thread 50] INFO  com.browserstack.utils.Helpers - null
03:20:17.835 [ApplicationImpl pooled thread 55] INFO  c.b.l.BrowserStackRunExtension - maven
03:20:17.837 [ApplicationImpl pooled thread 55] INFO  com.browserstack.utils.Helpers - null
03:20:21.020 [ApplicationImpl pooled thread 63] INFO  c.b.l.BrowserStackRunExtension - maven
03:20:21.020 [ApplicationImpl pooled thread 63] INFO  com.browserstack.utils.Helpers - null
03:20:25.576 [ApplicationImpl pooled thread 50] INFO  c.b.l.BrowserStackRunExtension - testng
03:20:25.576 [ApplicationImpl pooled thread 50] INFO  com.browserstack.utils.Helpers - null
03:20:25.576 [ApplicationImpl pooled thread 50] INFO  c.b.l.BrowserStackRunExtension - Agent path: null
03:20:43.803 [ApplicationImpl pooled thread 55] INFO  c.b.l.BrowserStackRunExtension - testng
03:20:43.803 [ApplicationImpl pooled thread 55] INFO  com.browserstack.utils.Helpers - null
03:20:43.803 [ApplicationImpl pooled thread 55] INFO  c.b.l.BrowserStackRunExtension - Agent path: null
03:21:48.266 [ApplicationImpl pooled thread 65] INFO  c.b.l.BrowserStackRunExtension - testng
03:21:48.267 [ApplicationImpl pooled thread 65] INFO  com.browserstack.utils.Helpers - null
03:21:48.267 [ApplicationImpl pooled thread 65] INFO  c.b.l.BrowserStackRunExtension - Agent path: null
03:24:25.091 [ApplicationImpl pooled thread 75] INFO  c.b.l.BrowserStackRunExtension - testng
03:24:25.092 [ApplicationImpl pooled thread 75] INFO  com.browserstack.utils.Helpers - null
03:24:25.092 [ApplicationImpl pooled thread 75] INFO  c.b.l.BrowserStackRunExtension - Agent path: null
03:24:53.301 [ApplicationImpl pooled thread 68] INFO  c.b.l.BrowserStackRunExtension - testng
03:24:53.301 [ApplicationImpl pooled thread 68] INFO  com.browserstack.utils.Helpers - null
03:24:53.301 [ApplicationImpl pooled thread 68] INFO  c.b.l.BrowserStackRunExtension - Agent path: null
03:25:42.950 [ApplicationImpl pooled thread 50] INFO  c.b.l.BrowserStackRunExtension - testng
03:25:42.950 [ApplicationImpl pooled thread 50] INFO  com.browserstack.utils.Helpers - null
03:25:42.950 [ApplicationImpl pooled thread 50] INFO  c.b.l.BrowserStackRunExtension - Agent path: null
03:26:36.625 [ApplicationImpl pooled thread 78] INFO  c.b.l.BrowserStackRunExtension - testng
03:26:36.625 [ApplicationImpl pooled thread 78] INFO  com.browserstack.utils.Helpers - null
03:26:36.625 [ApplicationImpl pooled thread 78] INFO  c.b.l.BrowserStackRunExtension - Agent path: null
03:26:49.422 [ApplicationImpl pooled thread 71] INFO  c.b.l.BrowserStackRunExtension - maven
03:26:49.422 [ApplicationImpl pooled thread 71] INFO  com.browserstack.utils.Helpers - null
03:26:53.023 [ApplicationImpl pooled thread 70] INFO  c.b.l.BrowserStackRunExtension - maven
03:26:53.023 [ApplicationImpl pooled thread 70] INFO  com.browserstack.utils.Helpers - null
03:26:56.831 [ApplicationImpl pooled thread 68] INFO  c.b.l.BrowserStackRunExtension - maven
03:26:56.831 [ApplicationImpl pooled thread 68] INFO  com.browserstack.utils.Helpers - null
03:27:01.695 [ApplicationImpl pooled thread 68] INFO  c.b.l.BrowserStackRunExtension - testng
03:27:01.696 [ApplicationImpl pooled thread 68] INFO  com.browserstack.utils.Helpers - null
03:27:01.696 [ApplicationImpl pooled thread 68] INFO  c.b.l.BrowserStackRunExtension - Agent path: null
03:27:22.707 [ApplicationImpl pooled thread 4] INFO  c.b.l.BrowserStackRunExtension - testng
03:27:22.708 [ApplicationImpl pooled thread 4] INFO  com.browserstack.utils.Helpers - null
03:27:22.712 [ApplicationImpl pooled thread 4] INFO  c.b.l.BrowserStackRunExtension - Agent path: null
03:28:23.130 [ApplicationImpl pooled thread 3] INFO  c.b.l.BrowserStackRunExtension - testng
03:28:23.131 [ApplicationImpl pooled thread 3] INFO  com.browserstack.utils.Helpers - null
03:28:23.131 [ApplicationImpl pooled thread 3] INFO  c.b.l.BrowserStackRunExtension - Agent path: null
03:30:11.225 [ApplicationImpl pooled thread 19] INFO  c.b.l.BrowserStackRunExtension - testng
03:30:11.225 [ApplicationImpl pooled thread 19] INFO  com.browserstack.utils.Helpers - null
03:30:11.225 [ApplicationImpl pooled thread 19] INFO  c.b.l.BrowserStackRunExtension - Agent path: null
03:31:13.212 [ApplicationImpl pooled thread 30] INFO  c.b.l.BrowserStackRunExtension - maven
03:31:13.212 [ApplicationImpl pooled thread 30] INFO  com.browserstack.utils.Helpers - null
03:31:15.965 [ApplicationImpl pooled thread 30] INFO  c.b.l.BrowserStackRunExtension - maven
03:31:15.968 [ApplicationImpl pooled thread 30] INFO  com.browserstack.utils.Helpers - null
03:31:19.383 [ApplicationImpl pooled thread 14] INFO  c.b.l.BrowserStackRunExtension - maven
03:31:19.383 [ApplicationImpl pooled thread 14] INFO  com.browserstack.utils.Helpers - null
03:31:24.656 [ApplicationImpl pooled thread 33] INFO  c.b.l.BrowserStackRunExtension - testng
03:31:24.656 [ApplicationImpl pooled thread 33] INFO  com.browserstack.utils.Helpers - null
03:31:24.656 [ApplicationImpl pooled thread 33] INFO  c.b.l.BrowserStackRunExtension - Agent path: null
03:37:20.164 [ApplicationImpl pooled thread 3] INFO  c.b.l.BrowserStackRunExtension - testng
03:37:20.164 [ApplicationImpl pooled thread 3] INFO  com.browserstack.utils.Helpers - null
03:37:20.165 [ApplicationImpl pooled thread 3] INFO  c.b.l.BrowserStackRunExtension - Agent path: null
03:40:45.449 [ApplicationImpl pooled thread 12] INFO  c.b.l.BrowserStackRunExtension - testng
03:40:45.458 [ApplicationImpl pooled thread 12] INFO  com.browserstack.utils.Helpers - null
03:40:45.458 [ApplicationImpl pooled thread 12] INFO  c.b.l.BrowserStackRunExtension - Agent path: null
03:41:39.186 [ApplicationImpl pooled thread 9] INFO  c.b.l.BrowserStackRunExtension - testng
03:41:39.186 [ApplicationImpl pooled thread 9] INFO  com.browserstack.utils.Helpers - null
03:41:39.187 [ApplicationImpl pooled thread 9] INFO  c.b.l.BrowserStackRunExtension - Agent path: null
03:43:19.018 [ApplicationImpl pooled thread 19] INFO  c.b.l.BrowserStackRunExtension - testng
03:43:19.018 [ApplicationImpl pooled thread 19] INFO  com.browserstack.utils.Helpers - null
03:43:19.018 [ApplicationImpl pooled thread 19] INFO  c.b.l.BrowserStackRunExtension - Agent path: null
03:45:17.607 [ApplicationImpl pooled thread 23] INFO  c.b.l.BrowserStackRunExtension - testng
03:45:17.607 [ApplicationImpl pooled thread 23] INFO  com.browserstack.utils.Helpers - null
03:45:17.607 [ApplicationImpl pooled thread 23] INFO  c.b.l.BrowserStackRunExtension - Agent path: null
03:46:28.670 [ApplicationImpl pooled thread 29] INFO  c.b.l.BrowserStackRunExtension - testng
03:46:28.670 [ApplicationImpl pooled thread 29] INFO  com.browserstack.utils.Helpers - null
03:46:28.670 [ApplicationImpl pooled thread 29] INFO  c.b.l.BrowserStackRunExtension - Agent path: null
03:46:59.110 [ApplicationImpl pooled thread 22] INFO  c.b.l.BrowserStackRunExtension - testng
03:46:59.110 [ApplicationImpl pooled thread 22] INFO  com.browserstack.utils.Helpers - null
03:46:59.111 [ApplicationImpl pooled thread 22] INFO  c.b.l.BrowserStackRunExtension - Agent path: null
03:48:56.481 [ApplicationImpl pooled thread 10] INFO  c.b.l.BrowserStackRunExtension - testng
03:48:56.481 [ApplicationImpl pooled thread 10] INFO  com.browserstack.utils.Helpers - null
03:48:56.481 [ApplicationImpl pooled thread 10] INFO  c.b.l.BrowserStackRunExtension - Agent path: null
03:49:27.165 [ApplicationImpl pooled thread 23] INFO  c.b.l.BrowserStackRunExtension - testng
03:49:27.165 [ApplicationImpl pooled thread 23] INFO  com.browserstack.utils.Helpers - null
03:49:27.169 [ApplicationImpl pooled thread 23] INFO  c.b.l.BrowserStackRunExtension - Agent path: null
03:58:22.323 [ApplicationImpl pooled thread 40] INFO  c.b.l.BrowserStackRunExtension - testng
03:58:22.323 [ApplicationImpl pooled thread 40] INFO  com.browserstack.utils.Helpers - null
03:58:22.323 [ApplicationImpl pooled thread 40] INFO  c.b.l.BrowserStackRunExtension - Agent path: null
03:59:31.975 [ApplicationImpl pooled thread 51] INFO  c.b.l.BrowserStackRunExtension - testng
03:59:31.975 [ApplicationImpl pooled thread 51] INFO  com.browserstack.utils.Helpers - null
03:59:31.975 [ApplicationImpl pooled thread 51] INFO  c.b.l.BrowserStackRunExtension - Agent path: null
04:00:13.688 [ApplicationImpl pooled thread 51] INFO  c.b.l.BrowserStackRunExtension - testng
04:00:13.688 [ApplicationImpl pooled thread 51] INFO  com.browserstack.utils.Helpers - null
04:00:13.688 [ApplicationImpl pooled thread 51] INFO  c.b.l.BrowserStackRunExtension - Agent path: null
04:00:25.959 [ApplicationImpl pooled thread 50] INFO  c.b.l.BrowserStackRunExtension - testng
04:00:25.959 [ApplicationImpl pooled thread 50] INFO  com.browserstack.utils.Helpers - null
04:00:25.959 [ApplicationImpl pooled thread 50] INFO  c.b.l.BrowserStackRunExtension - Agent path: null
04:00:48.188 [ApplicationImpl pooled thread 40] INFO  c.b.l.BrowserStackRunExtension - testng
04:00:48.188 [ApplicationImpl pooled thread 40] INFO  com.browserstack.utils.Helpers - null
04:00:48.188 [ApplicationImpl pooled thread 40] INFO  c.b.l.BrowserStackRunExtension - Agent path: null
04:01:16.746 [ApplicationImpl pooled thread 55] INFO  c.b.l.BrowserStackRunExtension - testng
04:01:16.746 [ApplicationImpl pooled thread 55] INFO  com.browserstack.utils.Helpers - null
04:01:16.746 [ApplicationImpl pooled thread 55] INFO  c.b.l.BrowserStackRunExtension - Agent path: null
04:01:49.828 [ApplicationImpl pooled thread 50] INFO  c.b.l.BrowserStackRunExtension - testng
04:01:49.828 [ApplicationImpl pooled thread 50] INFO  com.browserstack.utils.Helpers - null
04:01:49.829 [ApplicationImpl pooled thread 50] INFO  c.b.l.BrowserStackRunExtension - Agent path: null
11:52:15.488 [ApplicationImpl pooled thread 213] INFO  c.b.l.BrowserStackRunExtension - testng
11:52:15.488 [ApplicationImpl pooled thread 213] INFO  com.browserstack.utils.Helpers - null
11:52:15.488 [ApplicationImpl pooled thread 213] INFO  c.b.l.BrowserStackRunExtension - Agent path: null
11:54:49.823 [ApplicationImpl pooled thread 218] INFO  c.b.l.BrowserStackRunExtension - testng
11:54:49.823 [ApplicationImpl pooled thread 218] INFO  com.browserstack.utils.Helpers - null
11:54:49.823 [ApplicationImpl pooled thread 218] INFO  c.b.l.BrowserStackRunExtension - Agent path: null
11:55:23.239 [ApplicationImpl pooled thread 224] INFO  c.b.l.BrowserStackRunExtension - testng
11:55:23.239 [ApplicationImpl pooled thread 224] INFO  com.browserstack.utils.Helpers - null
11:55:23.239 [ApplicationImpl pooled thread 224] INFO  c.b.l.BrowserStackRunExtension - Agent path: null
11:55:51.724 [ApplicationImpl pooled thread 185] INFO  c.b.l.BrowserStackRunExtension - testng
11:55:51.724 [ApplicationImpl pooled thread 185] INFO  com.browserstack.utils.Helpers - null
11:55:51.724 [ApplicationImpl pooled thread 185] INFO  c.b.l.BrowserStackRunExtension - Agent path: null
11:56:43.228 [ApplicationImpl pooled thread 233] INFO  c.b.l.BrowserStackRunExtension - testng
11:56:43.228 [ApplicationImpl pooled thread 233] INFO  com.browserstack.utils.Helpers - null
11:56:43.228 [ApplicationImpl pooled thread 233] INFO  c.b.l.BrowserStackRunExtension - Agent path: null
11:57:05.674 [ApplicationImpl pooled thread 185] INFO  c.b.l.BrowserStackRunExtension - testng
11:57:05.674 [ApplicationImpl pooled thread 185] INFO  com.browserstack.utils.Helpers - null
11:57:05.674 [ApplicationImpl pooled thread 185] INFO  c.b.l.BrowserStackRunExtension - Agent path: null
11:57:50.946 [ApplicationImpl pooled thread 224] INFO  c.b.l.BrowserStackRunExtension - testng
11:57:50.946 [ApplicationImpl pooled thread 224] INFO  com.browserstack.utils.Helpers - null
11:57:50.946 [ApplicationImpl pooled thread 224] INFO  c.b.l.BrowserStackRunExtension - Agent path: null
12:00:56.061 [ApplicationImpl pooled thread 248] INFO  c.b.l.BrowserStackRunExtension - testng
12:00:56.062 [ApplicationImpl pooled thread 248] INFO  com.browserstack.utils.Helpers - null
12:00:56.062 [ApplicationImpl pooled thread 248] INFO  c.b.l.BrowserStackRunExtension - Agent path: null
12:01:27.261 [ApplicationImpl pooled thread 244] INFO  c.b.l.BrowserStackRunExtension - testng
12:01:27.261 [ApplicationImpl pooled thread 244] INFO  com.browserstack.utils.Helpers - null
12:01:27.261 [ApplicationImpl pooled thread 244] INFO  c.b.l.BrowserStackRunExtension - Agent path: null
12:02:35.427 [ApplicationImpl pooled thread 239] INFO  c.b.l.BrowserStackRunExtension - testng
12:02:35.427 [ApplicationImpl pooled thread 239] INFO  com.browserstack.utils.Helpers - null
12:02:35.427 [ApplicationImpl pooled thread 239] INFO  c.b.l.BrowserStackRunExtension - Agent path: null
12:03:26.426 [ApplicationImpl pooled thread 241] INFO  c.b.l.BrowserStackRunExtension - testng
12:03:26.426 [ApplicationImpl pooled thread 241] INFO  com.browserstack.utils.Helpers - null
12:03:26.426 [ApplicationImpl pooled thread 241] INFO  c.b.l.BrowserStackRunExtension - Agent path: null
12:04:09.940 [ApplicationImpl pooled thread 248] INFO  c.b.l.BrowserStackRunExtension - testng
12:04:09.940 [ApplicationImpl pooled thread 248] INFO  com.browserstack.utils.Helpers - null
12:04:09.940 [ApplicationImpl pooled thread 248] INFO  c.b.l.BrowserStackRunExtension - Agent path: null
12:04:24.875 [ApplicationImpl pooled thread 241] INFO  c.b.l.BrowserStackRunExtension - testng
12:04:24.875 [ApplicationImpl pooled thread 241] INFO  com.browserstack.utils.Helpers - null
12:04:24.875 [ApplicationImpl pooled thread 241] INFO  c.b.l.BrowserStackRunExtension - Agent path: null
12:05:20.445 [ApplicationImpl pooled thread 255] INFO  c.b.l.BrowserStackRunExtension - testng
12:05:20.445 [ApplicationImpl pooled thread 255] INFO  com.browserstack.utils.Helpers - null
12:05:20.445 [ApplicationImpl pooled thread 255] INFO  c.b.l.BrowserStackRunExtension - Agent path: null
12:05:54.906 [ApplicationImpl pooled thread 248] INFO  c.b.l.BrowserStackRunExtension - testng
12:05:54.906 [ApplicationImpl pooled thread 248] INFO  com.browserstack.utils.Helpers - null
12:05:54.906 [ApplicationImpl pooled thread 248] INFO  c.b.l.BrowserStackRunExtension - Agent path: null
12:06:30.710 [ApplicationImpl pooled thread 255] INFO  c.b.l.BrowserStackRunExtension - testng
12:06:30.710 [ApplicationImpl pooled thread 255] INFO  com.browserstack.utils.Helpers - null
12:06:30.710 [ApplicationImpl pooled thread 255] INFO  c.b.l.BrowserStackRunExtension - Agent path: null
12:07:45.628 [ApplicationImpl pooled thread 259] INFO  c.b.l.BrowserStackRunExtension - testng
12:07:45.628 [ApplicationImpl pooled thread 259] INFO  com.browserstack.utils.Helpers - null
12:07:45.628 [ApplicationImpl pooled thread 259] INFO  c.b.l.BrowserStackRunExtension - Agent path: null
12:08:05.451 [ApplicationImpl pooled thread 261] INFO  c.b.l.BrowserStackRunExtension - testng
12:08:05.451 [ApplicationImpl pooled thread 261] INFO  com.browserstack.utils.Helpers - null
12:08:05.451 [ApplicationImpl pooled thread 261] INFO  c.b.l.BrowserStackRunExtension - Agent path: null
12:10:38.844 [ApplicationImpl pooled thread 255] INFO  c.b.l.BrowserStackRunExtension - testng
12:10:38.844 [ApplicationImpl pooled thread 255] INFO  com.browserstack.utils.Helpers - null
12:10:38.844 [ApplicationImpl pooled thread 255] INFO  c.b.l.BrowserStackRunExtension - Agent path: null
12:11:17.504 [ApplicationImpl pooled thread 251] INFO  c.b.l.BrowserStackRunExtension - testng
12:11:17.505 [ApplicationImpl pooled thread 251] INFO  com.browserstack.utils.Helpers - null
12:11:17.505 [ApplicationImpl pooled thread 251] INFO  c.b.l.BrowserStackRunExtension - Agent path: null
12:12:38.920 [ApplicationImpl pooled thread 239] INFO  c.b.l.BrowserStackRunExtension - testng
12:12:38.920 [ApplicationImpl pooled thread 239] INFO  com.browserstack.utils.Helpers - null
12:12:38.921 [ApplicationImpl pooled thread 239] INFO  c.b.l.BrowserStackRunExtension - Agent path: null
12:13:04.144 [ApplicationImpl pooled thread 277] INFO  c.b.l.BrowserStackRunExtension - testng
12:13:04.144 [ApplicationImpl pooled thread 277] INFO  com.browserstack.utils.Helpers - null
12:13:04.144 [ApplicationImpl pooled thread 277] INFO  c.b.l.BrowserStackRunExtension - Agent path: null
12:14:32.766 [ApplicationImpl pooled thread 278] INFO  c.b.l.BrowserStackRunExtension - testng
12:14:32.766 [ApplicationImpl pooled thread 278] INFO  com.browserstack.utils.Helpers - null
12:14:32.766 [ApplicationImpl pooled thread 278] INFO  c.b.l.BrowserStackRunExtension - Agent path: null
12:17:01.308 [ApplicationImpl pooled thread 251] INFO  c.b.l.BrowserStackRunExtension - testng
12:17:01.308 [ApplicationImpl pooled thread 251] INFO  com.browserstack.utils.Helpers - null
12:17:01.308 [ApplicationImpl pooled thread 251] INFO  c.b.l.BrowserStackRunExtension - Agent path: null
12:17:49.469 [ApplicationImpl pooled thread 280] INFO  c.b.l.BrowserStackRunExtension - testng
12:17:49.469 [ApplicationImpl pooled thread 280] INFO  com.browserstack.utils.Helpers - null
12:17:49.470 [ApplicationImpl pooled thread 280] INFO  c.b.l.BrowserStackRunExtension - Agent path: null
12:19:13.376 [ApplicationImpl pooled thread 298] INFO  c.b.l.BrowserStackRunExtension - testng
12:19:13.376 [ApplicationImpl pooled thread 298] INFO  com.browserstack.utils.Helpers - null
12:19:13.376 [ApplicationImpl pooled thread 298] INFO  c.b.l.BrowserStackRunExtension - Agent path: null
12:21:00.115 [ApplicationImpl pooled thread 300] INFO  c.b.l.BrowserStackRunExtension - testng
12:21:00.115 [ApplicationImpl pooled thread 300] INFO  com.browserstack.utils.Helpers - null
12:21:00.115 [ApplicationImpl pooled thread 300] INFO  c.b.l.BrowserStackRunExtension - Agent path: null
12:21:35.515 [ApplicationImpl pooled thread 284] INFO  c.b.l.BrowserStackRunExtension - testng
12:21:35.515 [ApplicationImpl pooled thread 284] INFO  com.browserstack.utils.Helpers - null
12:21:35.516 [ApplicationImpl pooled thread 284] INFO  c.b.l.BrowserStackRunExtension - Agent path: null
12:22:19.672 [ApplicationImpl pooled thread 304] INFO  c.b.l.BrowserStackRunExtension - testng
12:22:19.672 [ApplicationImpl pooled thread 304] INFO  com.browserstack.utils.Helpers - null
12:22:19.672 [ApplicationImpl pooled thread 304] INFO  c.b.l.BrowserStackRunExtension - Agent path: null
12:37:02.623 [ApplicationImpl pooled thread 327] INFO  c.b.l.BrowserStackRunExtension - testng
12:37:02.623 [ApplicationImpl pooled thread 327] INFO  com.browserstack.utils.Helpers - null
12:37:02.623 [ApplicationImpl pooled thread 327] INFO  c.b.l.BrowserStackRunExtension - Agent path: null
13:09:28.606 [ApplicationImpl pooled thread 366] INFO  c.b.l.BrowserStackRunExtension - testng
13:09:28.606 [ApplicationImpl pooled thread 366] INFO  com.browserstack.utils.Helpers - null
13:09:28.607 [ApplicationImpl pooled thread 366] INFO  c.b.l.BrowserStackRunExtension - Agent path: null
13:09:50.059 [ApplicationImpl pooled thread 346] INFO  c.b.l.BrowserStackRunExtension - testng
13:09:50.059 [ApplicationImpl pooled thread 346] INFO  com.browserstack.utils.Helpers - null
13:09:50.059 [ApplicationImpl pooled thread 346] INFO  c.b.l.BrowserStackRunExtension - Agent path: null
13:10:43.011 [ApplicationImpl pooled thread 362] INFO  c.b.l.BrowserStackRunExtension - testng
13:10:43.011 [ApplicationImpl pooled thread 362] INFO  com.browserstack.utils.Helpers - null
13:10:43.011 [ApplicationImpl pooled thread 362] INFO  c.b.l.BrowserStackRunExtension - Agent path: null
13:10:54.557 [ApplicationImpl pooled thread 346] INFO  c.b.l.BrowserStackRunExtension - testng
13:10:54.557 [ApplicationImpl pooled thread 346] INFO  com.browserstack.utils.Helpers - null
13:10:54.558 [ApplicationImpl pooled thread 346] INFO  c.b.l.BrowserStackRunExtension - Agent path: null
13:12:53.831 [ApplicationImpl pooled thread 369] INFO  c.b.l.BrowserStackRunExtension - testng
13:12:53.831 [ApplicationImpl pooled thread 369] INFO  com.browserstack.utils.Helpers - null
13:12:53.831 [ApplicationImpl pooled thread 369] INFO  c.b.l.BrowserStackRunExtension - Agent path: null
13:13:05.834 [ApplicationImpl pooled thread 370] INFO  c.b.l.BrowserStackRunExtension - testng
13:13:05.834 [ApplicationImpl pooled thread 370] INFO  com.browserstack.utils.Helpers - null
13:13:05.834 [ApplicationImpl pooled thread 370] INFO  c.b.l.BrowserStackRunExtension - Agent path: null
13:13:24.593 [ApplicationImpl pooled thread 373] INFO  c.b.l.BrowserStackRunExtension - testng
13:13:24.593 [ApplicationImpl pooled thread 373] INFO  com.browserstack.utils.Helpers - null
13:13:24.594 [ApplicationImpl pooled thread 373] INFO  c.b.l.BrowserStackRunExtension - Agent path: null
13:14:56.968 [ApplicationImpl pooled thread 377] INFO  c.b.l.BrowserStackRunExtension - testng
13:14:56.968 [ApplicationImpl pooled thread 377] INFO  com.browserstack.utils.Helpers - null
13:14:56.968 [ApplicationImpl pooled thread 377] INFO  c.b.l.BrowserStackRunExtension - Agent path: null
13:15:41.754 [ApplicationImpl pooled thread 375] INFO  c.b.l.BrowserStackRunExtension - testng
13:15:41.754 [ApplicationImpl pooled thread 375] INFO  com.browserstack.utils.Helpers - null
13:15:41.754 [ApplicationImpl pooled thread 375] INFO  c.b.l.BrowserStackRunExtension - Agent path: null
13:38:28.444 [ApplicationImpl pooled thread 415] INFO  c.b.l.BrowserStackRunExtension - testng
13:38:28.444 [ApplicationImpl pooled thread 415] INFO  com.browserstack.utils.Helpers - null
13:38:28.444 [ApplicationImpl pooled thread 415] INFO  c.b.l.BrowserStackRunExtension - Agent path: null
13:38:47.926 [ApplicationImpl pooled thread 398] INFO  c.b.l.BrowserStackRunExtension - testng
13:38:47.926 [ApplicationImpl pooled thread 398] INFO  com.browserstack.utils.Helpers - null
13:38:47.926 [ApplicationImpl pooled thread 398] INFO  c.b.l.BrowserStackRunExtension - Agent path: null
13:39:09.734 [ApplicationImpl pooled thread 419] INFO  c.b.l.BrowserStackRunExtension - testng
13:39:09.734 [ApplicationImpl pooled thread 419] INFO  com.browserstack.utils.Helpers - null
13:39:09.734 [ApplicationImpl pooled thread 419] INFO  c.b.l.BrowserStackRunExtension - Agent path: null
13:39:29.354 [ApplicationImpl pooled thread 407] INFO  c.b.l.BrowserStackRunExtension - testng
13:39:29.354 [ApplicationImpl pooled thread 407] INFO  com.browserstack.utils.Helpers - null
13:39:29.354 [ApplicationImpl pooled thread 407] INFO  c.b.l.BrowserStackRunExtension - Agent path: null
13:44:07.085 [ApplicationImpl pooled thread 398] INFO  c.b.l.BrowserStackRunExtension - testng
13:44:07.085 [ApplicationImpl pooled thread 398] INFO  com.browserstack.utils.Helpers - null
13:44:07.086 [ApplicationImpl pooled thread 398] INFO  c.b.l.BrowserStackRunExtension - Agent path: null
13:45:16.750 [ApplicationImpl pooled thread 423] INFO  c.b.l.BrowserStackRunExtension - testng
13:45:16.750 [ApplicationImpl pooled thread 423] INFO  com.browserstack.utils.Helpers - null
13:45:16.751 [ApplicationImpl pooled thread 423] INFO  c.b.l.BrowserStackRunExtension - Agent path: null
13:45:43.466 [ApplicationImpl pooled thread 426] INFO  c.b.l.BrowserStackRunExtension - testng
13:45:43.466 [ApplicationImpl pooled thread 426] INFO  com.browserstack.utils.Helpers - null
13:45:43.466 [ApplicationImpl pooled thread 426] INFO  c.b.l.BrowserStackRunExtension - Agent path: null
13:46:20.104 [ApplicationImpl pooled thread 429] INFO  c.b.l.BrowserStackRunExtension - testng
13:46:20.104 [ApplicationImpl pooled thread 429] INFO  com.browserstack.utils.Helpers - null
13:46:20.104 [ApplicationImpl pooled thread 429] INFO  c.b.l.BrowserStackRunExtension - Agent path: null
13:46:45.230 [ApplicationImpl pooled thread 429] INFO  c.b.l.BrowserStackRunExtension - testng
13:46:45.231 [ApplicationImpl pooled thread 429] INFO  com.browserstack.utils.Helpers - null
13:46:45.231 [ApplicationImpl pooled thread 429] INFO  c.b.l.BrowserStackRunExtension - Agent path: null
13:47:59.171 [ApplicationImpl pooled thread 428] INFO  c.b.l.BrowserStackRunExtension - testng
13:47:59.171 [ApplicationImpl pooled thread 428] INFO  com.browserstack.utils.Helpers - null
13:47:59.171 [ApplicationImpl pooled thread 428] INFO  c.b.l.BrowserStackRunExtension - Agent path: null
14:00:54.436 [ApplicationImpl pooled thread 439] INFO  c.b.l.BrowserStackRunExtension - testng
14:00:54.436 [ApplicationImpl pooled thread 439] INFO  com.browserstack.utils.Helpers - null
14:00:54.436 [ApplicationImpl pooled thread 439] INFO  c.b.l.BrowserStackRunExtension - Agent path: null
14:05:05.232 [ApplicationImpl pooled thread 472] INFO  c.b.l.BrowserStackRunExtension - testng
14:05:05.233 [ApplicationImpl pooled thread 472] INFO  com.browserstack.utils.Helpers - null
14:05:05.233 [ApplicationImpl pooled thread 472] INFO  c.b.l.BrowserStackRunExtension - Agent path: null
14:05:31.425 [ApplicationImpl pooled thread 480] INFO  c.b.l.BrowserStackRunExtension - testng
14:05:31.426 [ApplicationImpl pooled thread 480] INFO  com.browserstack.utils.Helpers - null
14:05:31.426 [ApplicationImpl pooled thread 480] INFO  c.b.l.BrowserStackRunExtension - Agent path: null
14:19:57.926 [ApplicationImpl pooled thread 490] INFO  c.b.l.BrowserStackRunExtension - testng
14:19:57.926 [ApplicationImpl pooled thread 490] INFO  com.browserstack.utils.Helpers - null
14:19:57.926 [ApplicationImpl pooled thread 490] INFO  c.b.l.BrowserStackRunExtension - Agent path: null
14:23:27.501 [ApplicationImpl pooled thread 517] INFO  c.b.l.BrowserStackRunExtension - testng
14:23:27.501 [ApplicationImpl pooled thread 517] INFO  com.browserstack.utils.Helpers - null
14:23:27.501 [ApplicationImpl pooled thread 517] INFO  c.b.l.BrowserStackRunExtension - Agent path: null
14:23:36.766 [ApplicationImpl pooled thread 507] INFO  c.b.l.BrowserStackRunExtension - testng
14:23:36.766 [ApplicationImpl pooled thread 507] INFO  com.browserstack.utils.Helpers - null
14:23:36.766 [ApplicationImpl pooled thread 507] INFO  c.b.l.BrowserStackRunExtension - Agent path: null
14:24:30.530 [ApplicationImpl pooled thread 491] INFO  c.b.l.BrowserStackRunExtension - testng
14:24:30.530 [ApplicationImpl pooled thread 491] INFO  com.browserstack.utils.Helpers - null
14:24:30.530 [ApplicationImpl pooled thread 491] INFO  c.b.l.BrowserStackRunExtension - Agent path: null
14:25:23.756 [ApplicationImpl pooled thread 491] INFO  c.b.l.BrowserStackRunExtension - testng
14:25:23.756 [ApplicationImpl pooled thread 491] INFO  com.browserstack.utils.Helpers - null
14:25:23.756 [ApplicationImpl pooled thread 491] INFO  c.b.l.BrowserStackRunExtension - Agent path: null
14:25:55.263 [ApplicationImpl pooled thread 515] INFO  c.b.l.BrowserStackRunExtension - testng
14:25:55.263 [ApplicationImpl pooled thread 515] INFO  com.browserstack.utils.Helpers - null
14:25:55.264 [ApplicationImpl pooled thread 515] INFO  c.b.l.BrowserStackRunExtension - Agent path: null
14:26:51.588 [ApplicationImpl pooled thread 495] INFO  c.b.l.BrowserStackRunExtension - testng
14:26:51.588 [ApplicationImpl pooled thread 495] INFO  com.browserstack.utils.Helpers - null
14:26:51.588 [ApplicationImpl pooled thread 495] INFO  c.b.l.BrowserStackRunExtension - Agent path: null
14:27:21.356 [ApplicationImpl pooled thread 516] INFO  c.b.l.BrowserStackRunExtension - testng
14:27:21.356 [ApplicationImpl pooled thread 516] INFO  com.browserstack.utils.Helpers - null
14:27:21.356 [ApplicationImpl pooled thread 516] INFO  c.b.l.BrowserStackRunExtension - Agent path: null
14:28:56.988 [ApplicationImpl pooled thread 509] INFO  c.b.l.BrowserStackRunExtension - testng
14:28:56.989 [ApplicationImpl pooled thread 509] INFO  com.browserstack.utils.Helpers - null
14:28:56.989 [ApplicationImpl pooled thread 509] INFO  c.b.l.BrowserStackRunExtension - Agent path: null
14:29:28.874 [ApplicationImpl pooled thread 515] INFO  c.b.l.BrowserStackRunExtension - testng
14:29:28.874 [ApplicationImpl pooled thread 515] INFO  com.browserstack.utils.Helpers - null
14:29:28.874 [ApplicationImpl pooled thread 515] INFO  c.b.l.BrowserStackRunExtension - Agent path: null
14:30:23.900 [ApplicationImpl pooled thread 521] INFO  c.b.l.BrowserStackRunExtension - testng
14:30:23.902 [ApplicationImpl pooled thread 521] INFO  com.browserstack.utils.Helpers - null
14:30:23.902 [ApplicationImpl pooled thread 521] INFO  c.b.l.BrowserStackRunExtension - Agent path: null
14:31:11.971 [ApplicationImpl pooled thread 521] INFO  c.b.l.BrowserStackRunExtension - testng
14:31:11.971 [ApplicationImpl pooled thread 521] INFO  com.browserstack.utils.Helpers - null
14:31:11.971 [ApplicationImpl pooled thread 521] INFO  c.b.l.BrowserStackRunExtension - Agent path: null
14:31:43.276 [ApplicationImpl pooled thread 490] INFO  c.b.l.BrowserStackRunExtension - testng
14:31:43.276 [ApplicationImpl pooled thread 490] INFO  com.browserstack.utils.Helpers - null
14:31:43.276 [ApplicationImpl pooled thread 490] INFO  c.b.l.BrowserStackRunExtension - Agent path: null
14:36:59.196 [ApplicationImpl pooled thread 533] INFO  c.b.l.BrowserStackRunExtension - testng
14:36:59.197 [ApplicationImpl pooled thread 533] INFO  com.browserstack.utils.Helpers - null
14:36:59.197 [ApplicationImpl pooled thread 533] INFO  c.b.l.BrowserStackRunExtension - Agent path: null
14:37:49.797 [ApplicationImpl pooled thread 520] INFO  c.b.l.BrowserStackRunExtension - testng
14:37:49.797 [ApplicationImpl pooled thread 520] INFO  com.browserstack.utils.Helpers - null
14:37:49.798 [ApplicationImpl pooled thread 520] INFO  c.b.l.BrowserStackRunExtension - Agent path: null
14:40:00.775 [ApplicationImpl pooled thread 520] INFO  c.b.l.BrowserStackRunExtension - testng
14:40:00.775 [ApplicationImpl pooled thread 520] INFO  com.browserstack.utils.Helpers - null
14:40:00.775 [ApplicationImpl pooled thread 520] INFO  c.b.l.BrowserStackRunExtension - Agent path: null
14:40:30.238 [ApplicationImpl pooled thread 541] INFO  c.b.l.BrowserStackRunExtension - testng
14:40:30.239 [ApplicationImpl pooled thread 541] INFO  com.browserstack.utils.Helpers - null
14:40:30.239 [ApplicationImpl pooled thread 541] INFO  c.b.l.BrowserStackRunExtension - Agent path: null
14:40:57.864 [ApplicationImpl pooled thread 529] INFO  c.b.l.BrowserStackRunExtension - testng
14:40:57.864 [ApplicationImpl pooled thread 529] INFO  com.browserstack.utils.Helpers - null
14:40:57.864 [ApplicationImpl pooled thread 529] INFO  c.b.l.BrowserStackRunExtension - Agent path: null
14:41:31.607 [ApplicationImpl pooled thread 520] INFO  c.b.l.BrowserStackRunExtension - testng
14:41:31.607 [ApplicationImpl pooled thread 520] INFO  com.browserstack.utils.Helpers - null
14:41:31.608 [ApplicationImpl pooled thread 520] INFO  c.b.l.BrowserStackRunExtension - Agent path: null
14:42:19.237 [ApplicationImpl pooled thread 542] INFO  c.b.l.BrowserStackRunExtension - testng
14:42:19.237 [ApplicationImpl pooled thread 542] INFO  com.browserstack.utils.Helpers - null
14:42:19.237 [ApplicationImpl pooled thread 542] INFO  c.b.l.BrowserStackRunExtension - Agent path: null
14:43:13.984 [ApplicationImpl pooled thread 547] INFO  c.b.l.BrowserStackRunExtension - testng
14:43:13.984 [ApplicationImpl pooled thread 547] INFO  com.browserstack.utils.Helpers - null
14:43:13.984 [ApplicationImpl pooled thread 547] INFO  c.b.l.BrowserStackRunExtension - Agent path: null
14:44:07.950 [ApplicationImpl pooled thread 525] INFO  c.b.l.BrowserStackRunExtension - testng
14:44:07.951 [ApplicationImpl pooled thread 525] INFO  com.browserstack.utils.Helpers - null
14:44:07.951 [ApplicationImpl pooled thread 525] INFO  c.b.l.BrowserStackRunExtension - Agent path: null
14:44:34.265 [ApplicationImpl pooled thread 549] INFO  c.b.l.BrowserStackRunExtension - testng
14:44:34.266 [ApplicationImpl pooled thread 549] INFO  com.browserstack.utils.Helpers - null
14:44:34.266 [ApplicationImpl pooled thread 549] INFO  c.b.l.BrowserStackRunExtension - Agent path: null
14:45:04.252 [ApplicationImpl pooled thread 542] INFO  c.b.l.BrowserStackRunExtension - testng
14:45:04.252 [ApplicationImpl pooled thread 542] INFO  com.browserstack.utils.Helpers - null
14:45:04.253 [ApplicationImpl pooled thread 542] INFO  c.b.l.BrowserStackRunExtension - Agent path: null
14:45:21.611 [ApplicationImpl pooled thread 542] INFO  c.b.l.BrowserStackRunExtension - testng
14:45:21.611 [ApplicationImpl pooled thread 542] INFO  com.browserstack.utils.Helpers - null
14:45:21.611 [ApplicationImpl pooled thread 542] INFO  c.b.l.BrowserStackRunExtension - Agent path: null
14:46:49.204 [ApplicationImpl pooled thread 554] INFO  c.b.l.BrowserStackRunExtension - testng
14:46:49.204 [ApplicationImpl pooled thread 554] INFO  com.browserstack.utils.Helpers - null
14:46:49.204 [ApplicationImpl pooled thread 554] INFO  c.b.l.BrowserStackRunExtension - Agent path: null
14:47:40.711 [ApplicationImpl pooled thread 25] INFO  c.b.l.BrowserStackRunExtension - testng
14:47:40.711 [ApplicationImpl pooled thread 25] INFO  com.browserstack.utils.Helpers - null
14:47:40.714 [ApplicationImpl pooled thread 25] INFO  c.b.l.BrowserStackRunExtension - Agent path: null
14:49:45.368 [ApplicationImpl pooled thread 6] INFO  c.b.l.BrowserStackRunExtension - testng
14:49:45.370 [ApplicationImpl pooled thread 6] INFO  com.browserstack.utils.Helpers - null
14:49:45.371 [ApplicationImpl pooled thread 6] INFO  c.b.l.BrowserStackRunExtension - Agent path: null
14:51:17.185 [ApplicationImpl pooled thread 1] INFO  c.b.l.BrowserStackRunExtension - testng
14:51:17.187 [ApplicationImpl pooled thread 1] INFO  com.browserstack.utils.Helpers - null
14:51:17.188 [ApplicationImpl pooled thread 1] INFO  c.b.l.BrowserStackRunExtension - Agent path: null
14:51:59.663 [ApplicationImpl pooled thread 9] INFO  c.b.l.BrowserStackRunExtension - testng
14:51:59.663 [ApplicationImpl pooled thread 9] INFO  com.browserstack.utils.Helpers - null
14:51:59.664 [ApplicationImpl pooled thread 9] INFO  c.b.l.BrowserStackRunExtension - Agent path: null
14:53:05.528 [ApplicationImpl pooled thread 33] INFO  c.b.l.BrowserStackRunExtension - testng
14:53:05.528 [ApplicationImpl pooled thread 33] INFO  com.browserstack.utils.Helpers - null
14:53:05.528 [ApplicationImpl pooled thread 33] INFO  c.b.l.BrowserStackRunExtension - Agent path: null
14:53:33.662 [ApplicationImpl pooled thread 40] INFO  c.b.l.BrowserStackRunExtension - testng
14:53:33.662 [ApplicationImpl pooled thread 40] INFO  com.browserstack.utils.Helpers - null
14:53:33.662 [ApplicationImpl pooled thread 40] INFO  c.b.l.BrowserStackRunExtension - Agent path: null
14:54:34.609 [ApplicationImpl pooled thread 39] INFO  c.b.l.BrowserStackRunExtension - testng
14:54:34.609 [ApplicationImpl pooled thread 39] INFO  com.browserstack.utils.Helpers - null
14:54:34.609 [ApplicationImpl pooled thread 39] INFO  c.b.l.BrowserStackRunExtension - Agent path: null
14:55:00.870 [ApplicationImpl pooled thread 23] INFO  c.b.l.BrowserStackRunExtension - testng
14:55:00.870 [ApplicationImpl pooled thread 23] INFO  com.browserstack.utils.Helpers - null
14:55:00.870 [ApplicationImpl pooled thread 23] INFO  c.b.l.BrowserStackRunExtension - Agent path: null
14:55:36.012 [ApplicationImpl pooled thread 39] INFO  c.b.l.BrowserStackRunExtension - testng
14:55:36.012 [ApplicationImpl pooled thread 39] INFO  com.browserstack.utils.Helpers - null
14:55:36.012 [ApplicationImpl pooled thread 39] INFO  c.b.l.BrowserStackRunExtension - Agent path: null
14:56:12.549 [ApplicationImpl pooled thread 35] INFO  c.b.l.BrowserStackRunExtension - testng
14:56:12.549 [ApplicationImpl pooled thread 35] INFO  com.browserstack.utils.Helpers - null
14:56:12.549 [ApplicationImpl pooled thread 35] INFO  c.b.l.BrowserStackRunExtension - Agent path: null
14:57:30.602 [ApplicationImpl pooled thread 45] INFO  c.b.l.BrowserStackRunExtension - testng
14:57:30.602 [ApplicationImpl pooled thread 45] INFO  com.browserstack.utils.Helpers - null
14:57:30.602 [ApplicationImpl pooled thread 45] INFO  c.b.l.BrowserStackRunExtension - Agent path: null
14:58:50.275 [ApplicationImpl pooled thread 53] INFO  c.b.l.BrowserStackRunExtension - testng
14:58:50.275 [ApplicationImpl pooled thread 53] INFO  com.browserstack.utils.Helpers - null
14:58:50.276 [ApplicationImpl pooled thread 53] INFO  c.b.l.BrowserStackRunExtension - Agent path: null
14:59:10.801 [ApplicationImpl pooled thread 45] INFO  c.b.l.BrowserStackRunExtension - testng
14:59:10.801 [ApplicationImpl pooled thread 45] INFO  com.browserstack.utils.Helpers - null
14:59:10.805 [ApplicationImpl pooled thread 45] INFO  c.b.l.BrowserStackRunExtension - Agent path: null
14:59:29.502 [ApplicationImpl pooled thread 56] INFO  c.b.l.BrowserStackRunExtension - testng
14:59:29.502 [ApplicationImpl pooled thread 56] INFO  com.browserstack.utils.Helpers - null
14:59:29.502 [ApplicationImpl pooled thread 56] INFO  c.b.l.BrowserStackRunExtension - Agent path: null
15:00:32.760 [ApplicationImpl pooled thread 55] INFO  c.b.l.BrowserStackRunExtension - testng
15:00:32.760 [ApplicationImpl pooled thread 55] INFO  com.browserstack.utils.Helpers - null
15:00:32.760 [ApplicationImpl pooled thread 55] INFO  c.b.l.BrowserStackRunExtension - Agent path: null
15:05:00.697 [ApplicationImpl pooled thread 67] INFO  c.b.l.BrowserStackRunExtension - testng
15:05:00.697 [ApplicationImpl pooled thread 67] INFO  com.browserstack.utils.Helpers - null
15:05:00.697 [ApplicationImpl pooled thread 67] INFO  c.b.l.BrowserStackRunExtension - Agent path: null
15:05:14.950 [ApplicationImpl pooled thread 71] INFO  c.b.l.BrowserStackRunExtension - testng
15:05:14.950 [ApplicationImpl pooled thread 71] INFO  com.browserstack.utils.Helpers - null
15:05:14.950 [ApplicationImpl pooled thread 71] INFO  c.b.l.BrowserStackRunExtension - Agent path: null
15:06:34.606 [ApplicationImpl pooled thread 65] INFO  c.b.l.BrowserStackRunExtension - testng
15:06:34.606 [ApplicationImpl pooled thread 65] INFO  com.browserstack.utils.Helpers - null
15:06:34.609 [ApplicationImpl pooled thread 65] INFO  c.b.l.BrowserStackRunExtension - Agent path: null
15:08:38.539 [ApplicationImpl pooled thread 89] INFO  c.b.l.BrowserStackRunExtension - testng
15:08:38.539 [ApplicationImpl pooled thread 89] INFO  com.browserstack.utils.Helpers - null
15:08:38.539 [ApplicationImpl pooled thread 89] INFO  c.b.l.BrowserStackRunExtension - Agent path: null
15:10:11.186 [ApplicationImpl pooled thread 84] INFO  c.b.l.BrowserStackRunExtension - testng
15:10:11.187 [ApplicationImpl pooled thread 84] INFO  com.browserstack.utils.Helpers - null
15:10:11.187 [ApplicationImpl pooled thread 84] INFO  c.b.l.BrowserStackRunExtension - Agent path: null
15:10:26.216 [ApplicationImpl pooled thread 88] INFO  c.b.l.BrowserStackRunExtension - testng
15:10:26.216 [ApplicationImpl pooled thread 88] INFO  com.browserstack.utils.Helpers - null
15:10:26.216 [ApplicationImpl pooled thread 88] INFO  c.b.l.BrowserStackRunExtension - Agent path: null
15:11:18.215 [ApplicationImpl pooled thread 98] INFO  c.b.l.BrowserStackRunExtension - testng
15:11:18.215 [ApplicationImpl pooled thread 98] INFO  com.browserstack.utils.Helpers - null
15:11:18.215 [ApplicationImpl pooled thread 98] INFO  c.b.l.BrowserStackRunExtension - Agent path: null
15:11:43.606 [ApplicationImpl pooled thread 85] INFO  c.b.l.BrowserStackRunExtension - testng
15:11:43.606 [ApplicationImpl pooled thread 85] INFO  com.browserstack.utils.Helpers - null
15:11:43.606 [ApplicationImpl pooled thread 85] INFO  c.b.l.BrowserStackRunExtension - Agent path: null
15:12:08.891 [ApplicationImpl pooled thread 91] INFO  c.b.l.BrowserStackRunExtension - testng
15:12:08.891 [ApplicationImpl pooled thread 91] INFO  com.browserstack.utils.Helpers - null
15:12:08.891 [ApplicationImpl pooled thread 91] INFO  c.b.l.BrowserStackRunExtension - Agent path: null
15:13:38.331 [ApplicationImpl pooled thread 94] INFO  c.b.l.BrowserStackRunExtension - testng
15:13:38.331 [ApplicationImpl pooled thread 94] INFO  com.browserstack.utils.Helpers - null
15:13:38.331 [ApplicationImpl pooled thread 94] INFO  c.b.l.BrowserStackRunExtension - Agent path: null
15:13:50.963 [ApplicationImpl pooled thread 108] INFO  c.b.l.BrowserStackRunExtension - testng
15:13:50.963 [ApplicationImpl pooled thread 108] INFO  com.browserstack.utils.Helpers - null
15:13:50.963 [ApplicationImpl pooled thread 108] INFO  c.b.l.BrowserStackRunExtension - Agent path: null
15:14:52.213 [ApplicationImpl pooled thread 88] INFO  c.b.l.BrowserStackRunExtension - testng
15:14:52.213 [ApplicationImpl pooled thread 88] INFO  com.browserstack.utils.Helpers - null
15:14:52.213 [ApplicationImpl pooled thread 88] INFO  c.b.l.BrowserStackRunExtension - Agent path: null
15:15:04.644 [ApplicationImpl pooled thread 97] INFO  c.b.l.BrowserStackRunExtension - testng
15:15:04.644 [ApplicationImpl pooled thread 97] INFO  com.browserstack.utils.Helpers - null
15:15:04.644 [ApplicationImpl pooled thread 97] INFO  c.b.l.BrowserStackRunExtension - Agent path: null
15:17:24.263 [ApplicationImpl pooled thread 112] INFO  c.b.l.BrowserStackRunExtension - testng
15:17:24.263 [ApplicationImpl pooled thread 112] INFO  com.browserstack.utils.Helpers - null
15:17:24.263 [ApplicationImpl pooled thread 112] INFO  c.b.l.BrowserStackRunExtension - Agent path: null
15:18:24.425 [ApplicationImpl pooled thread 94] INFO  c.b.l.BrowserStackRunExtension - testng
15:18:24.425 [ApplicationImpl pooled thread 94] INFO  com.browserstack.utils.Helpers - null
15:18:24.425 [ApplicationImpl pooled thread 94] INFO  c.b.l.BrowserStackRunExtension - Agent path: null
15:19:14.226 [ApplicationImpl pooled thread 85] INFO  c.b.l.BrowserStackRunExtension - testng
15:19:14.226 [ApplicationImpl pooled thread 85] INFO  com.browserstack.utils.Helpers - null
15:19:14.226 [ApplicationImpl pooled thread 85] INFO  c.b.l.BrowserStackRunExtension - Agent path: null
15:19:29.520 [ApplicationImpl pooled thread 71] INFO  c.b.l.BrowserStackRunExtension - testng
15:19:29.520 [ApplicationImpl pooled thread 71] INFO  com.browserstack.utils.Helpers - null
15:19:29.520 [ApplicationImpl pooled thread 71] INFO  c.b.l.BrowserStackRunExtension - Agent path: null
15:23:54.291 [ApplicationImpl pooled thread 131] INFO  c.b.l.BrowserStackRunExtension - testng
15:23:54.291 [ApplicationImpl pooled thread 131] INFO  com.browserstack.utils.Helpers - null
15:23:54.291 [ApplicationImpl pooled thread 131] INFO  c.b.l.BrowserStackRunExtension - Agent path: null
15:24:05.781 [ApplicationImpl pooled thread 113] INFO  c.b.l.BrowserStackRunExtension - testng
15:24:05.781 [ApplicationImpl pooled thread 113] INFO  com.browserstack.utils.Helpers - null
15:24:05.781 [ApplicationImpl pooled thread 113] INFO  c.b.l.BrowserStackRunExtension - Agent path: null
15:25:50.136 [ApplicationImpl pooled thread 124] INFO  c.b.l.BrowserStackRunExtension - testng
15:25:50.136 [ApplicationImpl pooled thread 124] INFO  com.browserstack.utils.Helpers - null
15:25:50.137 [ApplicationImpl pooled thread 124] INFO  c.b.l.BrowserStackRunExtension - Agent path: null
15:26:33.109 [ApplicationImpl pooled thread 139] INFO  c.b.l.BrowserStackRunExtension - testng
15:26:33.109 [ApplicationImpl pooled thread 139] INFO  com.browserstack.utils.Helpers - null
15:26:33.109 [ApplicationImpl pooled thread 139] INFO  c.b.l.BrowserStackRunExtension - Agent path: null
15:28:29.880 [ApplicationImpl pooled thread 134] INFO  c.b.l.BrowserStackRunExtension - testng
15:28:29.880 [ApplicationImpl pooled thread 134] INFO  com.browserstack.utils.Helpers - null
15:28:29.880 [ApplicationImpl pooled thread 134] INFO  c.b.l.BrowserStackRunExtension - Agent path: null
15:28:54.206 [ApplicationImpl pooled thread 144] INFO  c.b.l.BrowserStackRunExtension - testng
15:28:54.207 [ApplicationImpl pooled thread 144] INFO  com.browserstack.utils.Helpers - null
15:28:54.207 [ApplicationImpl pooled thread 144] INFO  c.b.l.BrowserStackRunExtension - Agent path: null
15:29:07.352 [ApplicationImpl pooled thread 112] INFO  c.b.l.BrowserStackRunExtension - testng
15:29:07.352 [ApplicationImpl pooled thread 112] INFO  com.browserstack.utils.Helpers - null
15:29:07.353 [ApplicationImpl pooled thread 112] INFO  c.b.l.BrowserStackRunExtension - Agent path: null
15:35:56.202 [ApplicationImpl pooled thread 112] INFO  c.b.l.BrowserStackRunExtension - testng
15:35:56.202 [ApplicationImpl pooled thread 112] INFO  com.browserstack.utils.Helpers - null
15:35:56.202 [ApplicationImpl pooled thread 112] INFO  c.b.l.BrowserStackRunExtension - Agent path: null
16:02:18.700 [ApplicationImpl pooled thread 59] INFO  c.b.l.BrowserStackRunExtension - testng
16:02:18.701 [ApplicationImpl pooled thread 59] INFO  com.browserstack.utils.Helpers - null
16:02:18.703 [ApplicationImpl pooled thread 59] INFO  c.b.l.BrowserStackRunExtension - Agent path: null
